2026-04-14 20:54:35,973 - madqn - INFO - train_madqn.py:19 - 
2026-04-14 20:54:35,974 - madqn - INFO - train_madqn.py:20 - ################################################################################
2026-04-14 20:54:35,974 - madqn - INFO - train_madqn.py:21 - #                          MADQN 训练开始                                       #
2026-04-14 20:54:35,974 - madqn - INFO - train_madqn.py:22 - ################################################################################
2026-04-14 20:54:35,974 - madqn - INFO - train_madqn.py:23 - 训练参数: iteration=5, num_episodes=50, episode_length=5000, num_agents=1, lr=0.001, gamma=0.99, epsilon=0.5, epsilon_min=0.1, epsilon_decay=0.95, mini_batch_size=64, update_freq=10, device=cpu
2026-04-14 20:54:35,975 - madqn - INFO - train_madqn.py:38 - ---------- Iteration 1/5 开始 ----------
2026-04-14 20:54:36,832 - madqn - DEBUG - train_madqn.py:93 - Iter 1 Ep 1 | TotalReturn=-62.01 | AgentReturns=[A1:-62.01] | Epsilon=0.475
2026-04-14 20:54:38,399 - madqn - DEBUG - train_madqn.py:93 - Iter 1 Ep 2 | TotalReturn=-78.60 | AgentReturns=[A1:-78.60] | Epsilon=0.451
2026-04-14 20:54:38,723 - madqn - DEBUG - train_madqn.py:93 - Iter 1 Ep 3 | TotalReturn=1.40 | AgentReturns=[A1:1.40] | Epsilon=0.429
2026-04-14 20:54:39,727 - madqn - DEBUG - train_madqn.py:93 - Iter 1 Ep 4 | TotalReturn=-66.20 | AgentReturns=[A1:-66.20] | Epsilon=0.407
2026-04-14 20:54:40,118 - madqn - DEBUG - train_madqn.py:93 - Iter 1 Ep 5 | TotalReturn=-2.40 | AgentReturns=[A1:-2.40] | Epsilon=0.387
2026-04-14 20:54:40,424 - madqn - DEBUG - train_madqn.py:93 - Iter 1 Ep 6 | TotalReturn=6.20 | AgentReturns=[A1:6.20] | Epsilon=0.368
2026-04-14 20:54:40,714 - madqn - DEBUG - train_madqn.py:93 - Iter 1 Ep 7 | TotalReturn=5.80 | AgentReturns=[A1:5.80] | Epsilon=0.349
2026-04-14 20:54:41,019 - madqn - DEBUG - train_madqn.py:93 - Iter 1 Ep 8 | TotalReturn=6.20 | AgentReturns=[A1:6.20] | Epsilon=0.332
2026-04-14 20:54:41,258 - madqn - DEBUG - train_madqn.py:93 - Iter 1 Ep 9 | TotalReturn=9.80 | AgentReturns=[A1:9.80] | Epsilon=0.315
2026-04-14 20:54:41,505 - madqn - DEBUG - train_madqn.py:93 - Iter 1 Ep 10 | TotalReturn=9.40 | AgentReturns=[A1:9.40] | Epsilon=0.299
2026-04-14 20:54:41,675 - madqn - DEBUG - train_madqn.py:93 - Iter 1 Ep 11 | TotalReturn=17.60 | AgentReturns=[A1:17.60] | Epsilon=0.284
2026-04-14 20:54:41,899 - madqn - DEBUG - train_madqn.py:93 - Iter 1 Ep 12 | TotalReturn=13.20 | AgentReturns=[A1:13.20] | Epsilon=0.270
2026-04-14 20:54:42,113 - madqn - DEBUG - train_madqn.py:93 - Iter 1 Ep 13 | TotalReturn=14.40 | AgentReturns=[A1:14.40] | Epsilon=0.257
2026-04-14 20:54:42,344 - madqn - DEBUG - train_madqn.py:93 - Iter 1 Ep 14 | TotalReturn=13.40 | AgentReturns=[A1:13.40] | Epsilon=0.244
2026-04-14 20:54:42,559 - madqn - DEBUG - train_madqn.py:93 - Iter 1 Ep 15 | TotalReturn=11.80 | AgentReturns=[A1:11.80] | Epsilon=0.232
2026-04-14 20:54:42,767 - madqn - DEBUG - train_madqn.py:93 - Iter 1 Ep 16 | TotalReturn=13.40 | AgentReturns=[A1:13.40] | Epsilon=0.220
2026-04-14 20:54:42,968 - madqn - DEBUG - train_madqn.py:93 - Iter 1 Ep 17 | TotalReturn=14.40 | AgentReturns=[A1:14.40] | Epsilon=0.209
2026-04-14 20:54:43,161 - madqn - DEBUG - train_madqn.py:93 - Iter 1 Ep 18 | TotalReturn=14.80 | AgentReturns=[A1:14.80] | Epsilon=0.199
2026-04-14 20:54:43,890 - madqn - DEBUG - train_madqn.py:93 - Iter 1 Ep 19 | TotalReturn=-32.20 | AgentReturns=[A1:-32.20] | Epsilon=0.189
2026-04-14 20:54:44,075 - madqn - DEBUG - train_madqn.py:93 - Iter 1 Ep 20 | TotalReturn=16.80 | AgentReturns=[A1:16.80] | Epsilon=0.179
2026-04-14 20:54:44,307 - madqn - DEBUG - train_madqn.py:93 - Iter 1 Ep 21 | TotalReturn=12.20 | AgentReturns=[A1:12.20] | Epsilon=0.170
2026-04-14 20:54:44,513 - madqn - DEBUG - train_madqn.py:93 - Iter 1 Ep 22 | TotalReturn=14.00 | AgentReturns=[A1:14.00] | Epsilon=0.162
2026-04-14 20:54:44,708 - madqn - DEBUG - train_madqn.py:93 - Iter 1 Ep 23 | TotalReturn=15.60 | AgentReturns=[A1:15.60] | Epsilon=0.154
2026-04-14 20:54:44,890 - madqn - DEBUG - train_madqn.py:93 - Iter 1 Ep 24 | TotalReturn=16.20 | AgentReturns=[A1:16.20] | Epsilon=0.146
2026-04-14 20:54:45,091 - madqn - DEBUG - train_madqn.py:93 - Iter 1 Ep 25 | TotalReturn=15.60 | AgentReturns=[A1:15.60] | Epsilon=0.139
2026-04-14 20:54:45,271 - madqn - DEBUG - train_madqn.py:93 - Iter 1 Ep 26 | TotalReturn=18.20 | AgentReturns=[A1:18.20] | Epsilon=0.132
2026-04-14 20:54:45,470 - madqn - DEBUG - train_madqn.py:93 - Iter 1 Ep 27 | TotalReturn=13.80 | AgentReturns=[A1:13.80] | Epsilon=0.125
2026-04-14 20:54:45,644 - madqn - DEBUG - train_madqn.py:93 - Iter 1 Ep 28 | TotalReturn=17.60 | AgentReturns=[A1:17.60] | Epsilon=0.119
2026-04-14 20:54:45,808 - madqn - DEBUG - train_madqn.py:93 - Iter 1 Ep 29 | TotalReturn=18.00 | AgentReturns=[A1:18.00] | Epsilon=0.113
2026-04-14 20:54:45,974 - madqn - DEBUG - train_madqn.py:93 - Iter 1 Ep 30 | TotalReturn=18.80 | AgentReturns=[A1:18.80] | Epsilon=0.107
2026-04-14 20:54:46,156 - madqn - DEBUG - train_madqn.py:93 - Iter 1 Ep 31 | TotalReturn=17.60 | AgentReturns=[A1:17.60] | Epsilon=0.102
2026-04-14 20:54:46,344 - madqn - DEBUG - train_madqn.py:93 - Iter 1 Ep 32 | TotalReturn=15.20 | AgentReturns=[A1:15.20] | Epsilon=0.100
2026-04-14 20:54:46,552 - madqn - DEBUG - train_madqn.py:93 - Iter 1 Ep 33 | TotalReturn=14.40 | AgentReturns=[A1:14.40] | Epsilon=0.100
2026-04-14 20:54:46,713 - madqn - DEBUG - train_madqn.py:93 - Iter 1 Ep 34 | TotalReturn=18.80 | AgentReturns=[A1:18.80] | Epsilon=0.100
2026-04-14 20:54:46,919 - madqn - DEBUG - train_madqn.py:93 - Iter 1 Ep 35 | TotalReturn=17.00 | AgentReturns=[A1:17.00] | Epsilon=0.100
2026-04-14 20:54:47,121 - madqn - DEBUG - train_madqn.py:93 - Iter 1 Ep 36 | TotalReturn=18.20 | AgentReturns=[A1:18.20] | Epsilon=0.100
2026-04-14 20:54:47,304 - madqn - DEBUG - train_madqn.py:93 - Iter 1 Ep 37 | TotalReturn=17.60 | AgentReturns=[A1:17.60] | Epsilon=0.100
2026-04-14 20:54:47,521 - madqn - DEBUG - train_madqn.py:93 - Iter 1 Ep 38 | TotalReturn=14.80 | AgentReturns=[A1:14.80] | Epsilon=0.100
2026-04-14 20:54:47,728 - madqn - DEBUG - train_madqn.py:93 - Iter 1 Ep 39 | TotalReturn=16.40 | AgentReturns=[A1:16.40] | Epsilon=0.100
2026-04-14 20:54:47,906 - madqn - DEBUG - train_madqn.py:93 - Iter 1 Ep 40 | TotalReturn=17.60 | AgentReturns=[A1:17.60] | Epsilon=0.100
2026-04-14 20:54:48,079 - madqn - DEBUG - train_madqn.py:93 - Iter 1 Ep 41 | TotalReturn=18.00 | AgentReturns=[A1:18.00] | Epsilon=0.100
2026-04-14 20:54:48,247 - madqn - DEBUG - train_madqn.py:93 - Iter 1 Ep 42 | TotalReturn=18.00 | AgentReturns=[A1:18.00] | Epsilon=0.100
2026-04-14 20:54:48,500 - madqn - DEBUG - train_madqn.py:93 - Iter 1 Ep 43 | TotalReturn=15.60 | AgentReturns=[A1:15.60] | Epsilon=0.100
2026-04-14 20:54:48,794 - madqn - DEBUG - train_madqn.py:93 - Iter 1 Ep 44 | TotalReturn=15.40 | AgentReturns=[A1:15.40] | Epsilon=0.100
2026-04-14 20:54:49,081 - madqn - DEBUG - train_madqn.py:93 - Iter 1 Ep 45 | TotalReturn=16.60 | AgentReturns=[A1:16.60] | Epsilon=0.100
2026-04-14 20:54:49,388 - madqn - DEBUG - train_madqn.py:93 - Iter 1 Ep 46 | TotalReturn=17.60 | AgentReturns=[A1:17.60] | Epsilon=0.100
2026-04-14 20:54:49,699 - madqn - DEBUG - train_madqn.py:93 - Iter 1 Ep 47 | TotalReturn=15.60 | AgentReturns=[A1:15.60] | Epsilon=0.100
2026-04-14 20:54:49,964 - madqn - DEBUG - train_madqn.py:93 - Iter 1 Ep 48 | TotalReturn=16.40 | AgentReturns=[A1:16.40] | Epsilon=0.100
2026-04-14 20:54:50,244 - madqn - DEBUG - train_madqn.py:93 - Iter 1 Ep 49 | TotalReturn=18.20 | AgentReturns=[A1:18.20] | Epsilon=0.100
2026-04-14 20:54:50,537 - madqn - DEBUG - train_madqn.py:93 - Iter 1 Ep 50 | TotalReturn=18.20 | AgentReturns=[A1:18.20] | Epsilon=0.100
2026-04-14 20:54:50,539 - madqn - INFO - train_madqn.py:38 - ---------- Iteration 2/5 开始 ----------
2026-04-14 20:54:51,237 - madqn - DEBUG - train_madqn.py:93 - Iter 2 Ep 1 | TotalReturn=-15.40 | AgentReturns=[A1:-15.40] | Epsilon=0.475
2026-04-14 20:54:51,669 - madqn - DEBUG - train_madqn.py:93 - Iter 2 Ep 2 | TotalReturn=2.60 | AgentReturns=[A1:2.60] | Epsilon=0.451
2026-04-14 20:54:51,979 - madqn - DEBUG - train_madqn.py:93 - Iter 2 Ep 3 | TotalReturn=7.40 | AgentReturns=[A1:7.40] | Epsilon=0.429
2026-04-14 20:54:52,414 - madqn - DEBUG - train_madqn.py:93 - Iter 2 Ep 4 | TotalReturn=-6.80 | AgentReturns=[A1:-6.80] | Epsilon=0.407
2026-04-14 20:54:52,704 - madqn - DEBUG - train_madqn.py:93 - Iter 2 Ep 5 | TotalReturn=8.20 | AgentReturns=[A1:8.20] | Epsilon=0.387
2026-04-14 20:54:52,889 - madqn - DEBUG - train_madqn.py:93 - Iter 2 Ep 6 | TotalReturn=16.00 | AgentReturns=[A1:16.00] | Epsilon=0.368
2026-04-14 20:54:53,200 - madqn - DEBUG - train_madqn.py:93 - Iter 2 Ep 7 | TotalReturn=4.40 | AgentReturns=[A1:4.40] | Epsilon=0.349
2026-04-14 20:54:53,406 - madqn - DEBUG - train_madqn.py:93 - Iter 2 Ep 8 | TotalReturn=15.00 | AgentReturns=[A1:15.00] | Epsilon=0.332
2026-04-14 20:54:53,638 - madqn - DEBUG - train_madqn.py:93 - Iter 2 Ep 9 | TotalReturn=11.40 | AgentReturns=[A1:11.40] | Epsilon=0.315
2026-04-14 20:54:53,907 - madqn - DEBUG - train_madqn.py:93 - Iter 2 Ep 10 | TotalReturn=8.40 | AgentReturns=[A1:8.40] | Epsilon=0.299
2026-04-14 20:54:54,139 - madqn - DEBUG - train_madqn.py:93 - Iter 2 Ep 11 | TotalReturn=11.80 | AgentReturns=[A1:11.80] | Epsilon=0.284
2026-04-14 20:54:54,420 - madqn - DEBUG - train_madqn.py:93 - Iter 2 Ep 12 | TotalReturn=8.80 | AgentReturns=[A1:8.80] | Epsilon=0.270
2026-04-14 20:54:54,645 - madqn - DEBUG - train_madqn.py:93 - Iter 2 Ep 13 | TotalReturn=12.00 | AgentReturns=[A1:12.00] | Epsilon=0.257
2026-04-14 20:54:54,846 - madqn - DEBUG - train_madqn.py:93 - Iter 2 Ep 14 | TotalReturn=14.00 | AgentReturns=[A1:14.00] | Epsilon=0.244
2026-04-14 20:54:55,045 - madqn - DEBUG - train_madqn.py:93 - Iter 2 Ep 15 | TotalReturn=15.80 | AgentReturns=[A1:15.80] | Epsilon=0.232
2026-04-14 20:54:55,270 - madqn - DEBUG - train_madqn.py:93 - Iter 2 Ep 16 | TotalReturn=12.80 | AgentReturns=[A1:12.80] | Epsilon=0.220
2026-04-14 20:54:55,473 - madqn - DEBUG - train_madqn.py:93 - Iter 2 Ep 17 | TotalReturn=15.80 | AgentReturns=[A1:15.80] | Epsilon=0.209
2026-04-14 20:54:55,658 - madqn - DEBUG - train_madqn.py:93 - Iter 2 Ep 18 | TotalReturn=16.00 | AgentReturns=[A1:16.00] | Epsilon=0.199
2026-04-14 20:54:55,881 - madqn - DEBUG - train_madqn.py:93 - Iter 2 Ep 19 | TotalReturn=12.00 | AgentReturns=[A1:12.00] | Epsilon=0.189
2026-04-14 20:54:56,080 - madqn - DEBUG - train_madqn.py:93 - Iter 2 Ep 20 | TotalReturn=14.80 | AgentReturns=[A1:14.80] | Epsilon=0.179
2026-04-14 20:54:56,289 - madqn - DEBUG - train_madqn.py:93 - Iter 2 Ep 21 | TotalReturn=14.80 | AgentReturns=[A1:14.80] | Epsilon=0.170
2026-04-14 20:54:56,486 - madqn - DEBUG - train_madqn.py:93 - Iter 2 Ep 22 | TotalReturn=15.40 | AgentReturns=[A1:15.40] | Epsilon=0.162
2026-04-14 20:54:56,671 - madqn - DEBUG - train_madqn.py:93 - Iter 2 Ep 23 | TotalReturn=16.00 | AgentReturns=[A1:16.00] | Epsilon=0.154
2026-04-14 20:54:56,862 - madqn - DEBUG - train_madqn.py:93 - Iter 2 Ep 24 | TotalReturn=14.80 | AgentReturns=[A1:14.80] | Epsilon=0.146
2026-04-14 20:54:57,037 - madqn - DEBUG - train_madqn.py:93 - Iter 2 Ep 25 | TotalReturn=18.20 | AgentReturns=[A1:18.20] | Epsilon=0.139
2026-04-14 20:54:57,239 - madqn - DEBUG - train_madqn.py:93 - Iter 2 Ep 26 | TotalReturn=15.80 | AgentReturns=[A1:15.80] | Epsilon=0.132
2026-04-14 20:54:57,433 - madqn - DEBUG - train_madqn.py:93 - Iter 2 Ep 27 | TotalReturn=16.40 | AgentReturns=[A1:16.40] | Epsilon=0.125
2026-04-14 20:54:57,602 - madqn - DEBUG - train_madqn.py:93 - Iter 2 Ep 28 | TotalReturn=16.00 | AgentReturns=[A1:16.00] | Epsilon=0.119
2026-04-14 20:54:57,787 - madqn - DEBUG - train_madqn.py:93 - Iter 2 Ep 29 | TotalReturn=16.20 | AgentReturns=[A1:16.20] | Epsilon=0.113
2026-04-14 20:54:57,970 - madqn - DEBUG - train_madqn.py:93 - Iter 2 Ep 30 | TotalReturn=15.80 | AgentReturns=[A1:15.80] | Epsilon=0.107
2026-04-14 20:54:58,153 - madqn - DEBUG - train_madqn.py:93 - Iter 2 Ep 31 | TotalReturn=16.80 | AgentReturns=[A1:16.80] | Epsilon=0.102
2026-04-14 20:54:58,329 - madqn - DEBUG - train_madqn.py:93 - Iter 2 Ep 32 | TotalReturn=17.40 | AgentReturns=[A1:17.40] | Epsilon=0.100
2026-04-14 20:54:58,491 - madqn - DEBUG - train_madqn.py:93 - Iter 2 Ep 33 | TotalReturn=18.80 | AgentReturns=[A1:18.80] | Epsilon=0.100
2026-04-14 20:54:58,671 - madqn - DEBUG - train_madqn.py:93 - Iter 2 Ep 34 | TotalReturn=16.80 | AgentReturns=[A1:16.80] | Epsilon=0.100
2026-04-14 20:54:58,853 - madqn - DEBUG - train_madqn.py:93 - Iter 2 Ep 35 | TotalReturn=17.00 | AgentReturns=[A1:17.00] | Epsilon=0.100
2026-04-14 20:54:59,069 - madqn - DEBUG - train_madqn.py:93 - Iter 2 Ep 36 | TotalReturn=14.40 | AgentReturns=[A1:14.40] | Epsilon=0.100
2026-04-14 20:54:59,249 - madqn - DEBUG - train_madqn.py:93 - Iter 2 Ep 37 | TotalReturn=16.80 | AgentReturns=[A1:16.80] | Epsilon=0.100
2026-04-14 20:54:59,431 - madqn - DEBUG - train_madqn.py:93 - Iter 2 Ep 38 | TotalReturn=16.80 | AgentReturns=[A1:16.80] | Epsilon=0.100
2026-04-14 20:54:59,652 - madqn - DEBUG - train_madqn.py:93 - Iter 2 Ep 39 | TotalReturn=14.60 | AgentReturns=[A1:14.60] | Epsilon=0.100
2026-04-14 20:54:59,821 - madqn - DEBUG - train_madqn.py:93 - Iter 2 Ep 40 | TotalReturn=18.20 | AgentReturns=[A1:18.20] | Epsilon=0.100
2026-04-14 20:54:59,999 - madqn - DEBUG - train_madqn.py:93 - Iter 2 Ep 41 | TotalReturn=16.80 | AgentReturns=[A1:16.80] | Epsilon=0.100
2026-04-14 20:55:00,167 - madqn - DEBUG - train_madqn.py:93 - Iter 2 Ep 42 | TotalReturn=18.00 | AgentReturns=[A1:18.00] | Epsilon=0.100
2026-04-14 20:55:00,339 - madqn - DEBUG - train_madqn.py:93 - Iter 2 Ep 43 | TotalReturn=18.20 | AgentReturns=[A1:18.20] | Epsilon=0.100
2026-04-14 20:55:00,512 - madqn - DEBUG - train_madqn.py:93 - Iter 2 Ep 44 | TotalReturn=17.40 | AgentReturns=[A1:17.40] | Epsilon=0.100
2026-04-14 20:55:00,679 - madqn - DEBUG - train_madqn.py:93 - Iter 2 Ep 45 | TotalReturn=18.00 | AgentReturns=[A1:18.00] | Epsilon=0.100
2026-04-14 20:55:00,854 - madqn - DEBUG - train_madqn.py:93 - Iter 2 Ep 46 | TotalReturn=16.60 | AgentReturns=[A1:16.60] | Epsilon=0.100
2026-04-14 20:55:01,044 - madqn - DEBUG - train_madqn.py:93 - Iter 2 Ep 47 | TotalReturn=17.00 | AgentReturns=[A1:17.00] | Epsilon=0.100
2026-04-14 20:55:01,220 - madqn - DEBUG - train_madqn.py:93 - Iter 2 Ep 48 | TotalReturn=17.60 | AgentReturns=[A1:17.60] | Epsilon=0.100
2026-04-14 20:55:01,411 - madqn - DEBUG - train_madqn.py:93 - Iter 2 Ep 49 | TotalReturn=16.20 | AgentReturns=[A1:16.20] | Epsilon=0.100
2026-04-14 20:55:01,600 - madqn - DEBUG - train_madqn.py:93 - Iter 2 Ep 50 | TotalReturn=16.20 | AgentReturns=[A1:16.20] | Epsilon=0.100
2026-04-14 20:55:01,601 - madqn - INFO - train_madqn.py:38 - ---------- Iteration 3/5 开始 ----------
2026-04-14 20:55:01,901 - madqn - DEBUG - train_madqn.py:93 - Iter 3 Ep 1 | TotalReturn=8.00 | AgentReturns=[A1:8.00] | Epsilon=0.475
2026-04-14 20:55:02,265 - madqn - DEBUG - train_madqn.py:93 - Iter 3 Ep 2 | TotalReturn=2.00 | AgentReturns=[A1:2.00] | Epsilon=0.451
2026-04-14 20:55:02,620 - madqn - DEBUG - train_madqn.py:93 - Iter 3 Ep 3 | TotalReturn=2.60 | AgentReturns=[A1:2.60] | Epsilon=0.429
2026-04-14 20:55:02,895 - madqn - DEBUG - train_madqn.py:93 - Iter 3 Ep 4 | TotalReturn=9.80 | AgentReturns=[A1:9.80] | Epsilon=0.407
2026-04-14 20:55:03,194 - madqn - DEBUG - train_madqn.py:93 - Iter 3 Ep 5 | TotalReturn=6.60 | AgentReturns=[A1:6.60] | Epsilon=0.387
2026-04-14 20:55:03,490 - madqn - DEBUG - train_madqn.py:93 - Iter 3 Ep 6 | TotalReturn=5.80 | AgentReturns=[A1:5.80] | Epsilon=0.368
2026-04-14 20:55:03,717 - madqn - DEBUG - train_madqn.py:93 - Iter 3 Ep 7 | TotalReturn=12.20 | AgentReturns=[A1:12.20] | Epsilon=0.349
2026-04-14 20:55:03,929 - madqn - DEBUG - train_madqn.py:93 - Iter 3 Ep 8 | TotalReturn=13.40 | AgentReturns=[A1:13.40] | Epsilon=0.332
2026-04-14 20:55:04,223 - madqn - DEBUG - train_madqn.py:93 - Iter 3 Ep 9 | TotalReturn=5.60 | AgentReturns=[A1:5.60] | Epsilon=0.315
2026-04-14 20:55:04,482 - madqn - DEBUG - train_madqn.py:93 - Iter 3 Ep 10 | TotalReturn=9.80 | AgentReturns=[A1:9.80] | Epsilon=0.299
2026-04-14 20:55:04,727 - madqn - DEBUG - train_madqn.py:93 - Iter 3 Ep 11 | TotalReturn=12.20 | AgentReturns=[A1:12.20] | Epsilon=0.284
2026-04-14 20:55:04,936 - madqn - DEBUG - train_madqn.py:93 - Iter 3 Ep 12 | TotalReturn=13.40 | AgentReturns=[A1:13.40] | Epsilon=0.270
2026-04-14 20:55:05,211 - madqn - DEBUG - train_madqn.py:93 - Iter 3 Ep 13 | TotalReturn=7.20 | AgentReturns=[A1:7.20] | Epsilon=0.257
2026-04-14 20:55:05,453 - madqn - DEBUG - train_madqn.py:93 - Iter 3 Ep 14 | TotalReturn=12.20 | AgentReturns=[A1:12.20] | Epsilon=0.244
2026-04-14 20:55:05,698 - madqn - DEBUG - train_madqn.py:93 - Iter 3 Ep 15 | TotalReturn=10.20 | AgentReturns=[A1:10.20] | Epsilon=0.232
2026-04-14 20:55:05,886 - madqn - DEBUG - train_madqn.py:93 - Iter 3 Ep 16 | TotalReturn=17.00 | AgentReturns=[A1:17.00] | Epsilon=0.220
2026-04-14 20:55:06,084 - madqn - DEBUG - train_madqn.py:93 - Iter 3 Ep 17 | TotalReturn=15.60 | AgentReturns=[A1:15.60] | Epsilon=0.209
2026-04-14 20:55:06,292 - madqn - DEBUG - train_madqn.py:93 - Iter 3 Ep 18 | TotalReturn=14.00 | AgentReturns=[A1:14.00] | Epsilon=0.199
2026-04-14 20:55:06,473 - madqn - DEBUG - train_madqn.py:93 - Iter 3 Ep 19 | TotalReturn=16.80 | AgentReturns=[A1:16.80] | Epsilon=0.189
2026-04-14 20:55:06,681 - madqn - DEBUG - train_madqn.py:93 - Iter 3 Ep 20 | TotalReturn=12.40 | AgentReturns=[A1:12.40] | Epsilon=0.179
2026-04-14 20:55:06,888 - madqn - DEBUG - train_madqn.py:93 - Iter 3 Ep 21 | TotalReturn=15.00 | AgentReturns=[A1:15.00] | Epsilon=0.170
2026-04-14 20:55:07,060 - madqn - DEBUG - train_madqn.py:93 - Iter 3 Ep 22 | TotalReturn=18.20 | AgentReturns=[A1:18.20] | Epsilon=0.162
2026-04-14 20:55:07,258 - madqn - DEBUG - train_madqn.py:93 - Iter 3 Ep 23 | TotalReturn=14.80 | AgentReturns=[A1:14.80] | Epsilon=0.154
2026-04-14 20:55:07,451 - madqn - DEBUG - train_madqn.py:93 - Iter 3 Ep 24 | TotalReturn=15.20 | AgentReturns=[A1:15.20] | Epsilon=0.146
2026-04-14 20:55:07,644 - madqn - DEBUG - train_madqn.py:93 - Iter 3 Ep 25 | TotalReturn=17.00 | AgentReturns=[A1:17.00] | Epsilon=0.139
2026-04-14 20:55:07,851 - madqn - DEBUG - train_madqn.py:93 - Iter 3 Ep 26 | TotalReturn=13.80 | AgentReturns=[A1:13.80] | Epsilon=0.132
2026-04-14 20:55:08,018 - madqn - DEBUG - train_madqn.py:93 - Iter 3 Ep 27 | TotalReturn=18.80 | AgentReturns=[A1:18.80] | Epsilon=0.125
2026-04-14 20:55:08,197 - madqn - DEBUG - train_madqn.py:93 - Iter 3 Ep 28 | TotalReturn=15.80 | AgentReturns=[A1:15.80] | Epsilon=0.119
2026-04-14 20:55:08,408 - madqn - DEBUG - train_madqn.py:93 - Iter 3 Ep 29 | TotalReturn=14.20 | AgentReturns=[A1:14.20] | Epsilon=0.113
2026-04-14 20:55:08,597 - madqn - DEBUG - train_madqn.py:93 - Iter 3 Ep 30 | TotalReturn=16.20 | AgentReturns=[A1:16.20] | Epsilon=0.107
2026-04-14 20:55:08,792 - madqn - DEBUG - train_madqn.py:93 - Iter 3 Ep 31 | TotalReturn=16.40 | AgentReturns=[A1:16.40] | Epsilon=0.102
2026-04-14 20:55:08,970 - madqn - DEBUG - train_madqn.py:93 - Iter 3 Ep 32 | TotalReturn=16.00 | AgentReturns=[A1:16.00] | Epsilon=0.100
2026-04-14 20:55:09,131 - madqn - DEBUG - train_madqn.py:93 - Iter 3 Ep 33 | TotalReturn=18.80 | AgentReturns=[A1:18.80] | Epsilon=0.100
2026-04-14 20:55:09,287 - madqn - DEBUG - train_madqn.py:93 - Iter 3 Ep 34 | TotalReturn=18.80 | AgentReturns=[A1:18.80] | Epsilon=0.100
2026-04-14 20:55:09,464 - madqn - DEBUG - train_madqn.py:93 - Iter 3 Ep 35 | TotalReturn=16.60 | AgentReturns=[A1:16.60] | Epsilon=0.100
2026-04-14 20:55:09,636 - madqn - DEBUG - train_madqn.py:93 - Iter 3 Ep 36 | TotalReturn=18.20 | AgentReturns=[A1:18.20] | Epsilon=0.100
2026-04-14 20:55:09,802 - madqn - DEBUG - train_madqn.py:93 - Iter 3 Ep 37 | TotalReturn=17.40 | AgentReturns=[A1:17.40] | Epsilon=0.100
2026-04-14 20:55:09,971 - madqn - DEBUG - train_madqn.py:93 - Iter 3 Ep 38 | TotalReturn=18.00 | AgentReturns=[A1:18.00] | Epsilon=0.100
2026-04-14 20:55:10,156 - madqn - DEBUG - train_madqn.py:93 - Iter 3 Ep 39 | TotalReturn=16.80 | AgentReturns=[A1:16.80] | Epsilon=0.100
2026-04-14 20:55:10,318 - madqn - DEBUG - train_madqn.py:93 - Iter 3 Ep 40 | TotalReturn=18.80 | AgentReturns=[A1:18.80] | Epsilon=0.100
2026-04-14 20:55:10,500 - madqn - DEBUG - train_madqn.py:93 - Iter 3 Ep 41 | TotalReturn=17.60 | AgentReturns=[A1:17.60] | Epsilon=0.100
2026-04-14 20:55:10,678 - madqn - DEBUG - train_madqn.py:93 - Iter 3 Ep 42 | TotalReturn=17.00 | AgentReturns=[A1:17.00] | Epsilon=0.100
2026-04-14 20:55:10,855 - madqn - DEBUG - train_madqn.py:93 - Iter 3 Ep 43 | TotalReturn=17.40 | AgentReturns=[A1:17.40] | Epsilon=0.100
2026-04-14 20:55:11,030 - madqn - DEBUG - train_madqn.py:93 - Iter 3 Ep 44 | TotalReturn=16.60 | AgentReturns=[A1:16.60] | Epsilon=0.100
2026-04-14 20:55:11,197 - madqn - DEBUG - train_madqn.py:93 - Iter 3 Ep 45 | TotalReturn=17.40 | AgentReturns=[A1:17.40] | Epsilon=0.100
2026-04-14 20:55:11,376 - madqn - DEBUG - train_madqn.py:93 - Iter 3 Ep 46 | TotalReturn=16.80 | AgentReturns=[A1:16.80] | Epsilon=0.100
2026-04-14 20:55:11,545 - madqn - DEBUG - train_madqn.py:93 - Iter 3 Ep 47 | TotalReturn=18.80 | AgentReturns=[A1:18.80] | Epsilon=0.100
2026-04-14 20:55:11,730 - madqn - DEBUG - train_madqn.py:93 - Iter 3 Ep 48 | TotalReturn=16.80 | AgentReturns=[A1:16.80] | Epsilon=0.100
2026-04-14 20:55:11,994 - madqn - DEBUG - train_madqn.py:93 - Iter 3 Ep 49 | TotalReturn=15.20 | AgentReturns=[A1:15.20] | Epsilon=0.100
2026-04-14 20:55:12,293 - madqn - DEBUG - train_madqn.py:93 - Iter 3 Ep 50 | TotalReturn=15.80 | AgentReturns=[A1:15.80] | Epsilon=0.100
2026-04-14 20:55:12,294 - madqn - INFO - train_madqn.py:38 - ---------- Iteration 4/5 开始 ----------
2026-04-14 20:55:12,685 - madqn - DEBUG - train_madqn.py:93 - Iter 4 Ep 1 | TotalReturn=6.60 | AgentReturns=[A1:6.60] | Epsilon=0.475
2026-04-14 20:55:13,123 - madqn - DEBUG - train_madqn.py:93 - Iter 4 Ep 2 | TotalReturn=0.40 | AgentReturns=[A1:0.40] | Epsilon=0.451
2026-04-14 20:55:13,558 - madqn - DEBUG - train_madqn.py:93 - Iter 4 Ep 3 | TotalReturn=-1.20 | AgentReturns=[A1:-1.20] | Epsilon=0.429
2026-04-14 20:55:13,999 - madqn - DEBUG - train_madqn.py:93 - Iter 4 Ep 4 | TotalReturn=9.00 | AgentReturns=[A1:9.00] | Epsilon=0.407
2026-04-14 20:55:14,254 - madqn - DEBUG - train_madqn.py:93 - Iter 4 Ep 5 | TotalReturn=16.80 | AgentReturns=[A1:16.80] | Epsilon=0.387
2026-04-14 20:55:14,480 - madqn - DEBUG - train_madqn.py:93 - Iter 4 Ep 6 | TotalReturn=12.60 | AgentReturns=[A1:12.60] | Epsilon=0.368
2026-04-14 20:55:14,708 - madqn - DEBUG - train_madqn.py:93 - Iter 4 Ep 7 | TotalReturn=12.60 | AgentReturns=[A1:12.60] | Epsilon=0.349
2026-04-14 20:55:14,916 - madqn - DEBUG - train_madqn.py:93 - Iter 4 Ep 8 | TotalReturn=15.20 | AgentReturns=[A1:15.20] | Epsilon=0.332
2026-04-14 20:55:15,169 - madqn - DEBUG - train_madqn.py:93 - Iter 4 Ep 9 | TotalReturn=11.80 | AgentReturns=[A1:11.80] | Epsilon=0.315
2026-04-14 20:55:15,411 - madqn - DEBUG - train_madqn.py:93 - Iter 4 Ep 10 | TotalReturn=10.00 | AgentReturns=[A1:10.00] | Epsilon=0.299
2026-04-14 20:55:15,613 - madqn - DEBUG - train_madqn.py:93 - Iter 4 Ep 11 | TotalReturn=15.60 | AgentReturns=[A1:15.60] | Epsilon=0.284
2026-04-14 20:55:15,891 - madqn - DEBUG - train_madqn.py:93 - Iter 4 Ep 12 | TotalReturn=10.60 | AgentReturns=[A1:10.60] | Epsilon=0.270
2026-04-14 20:55:16,134 - madqn - DEBUG - train_madqn.py:93 - Iter 4 Ep 13 | TotalReturn=13.20 | AgentReturns=[A1:13.20] | Epsilon=0.257
2026-04-14 20:55:16,393 - madqn - DEBUG - train_madqn.py:93 - Iter 4 Ep 14 | TotalReturn=9.60 | AgentReturns=[A1:9.60] | Epsilon=0.244
2026-04-14 20:55:16,633 - madqn - DEBUG - train_madqn.py:93 - Iter 4 Ep 15 | TotalReturn=11.80 | AgentReturns=[A1:11.80] | Epsilon=0.232
2026-04-14 20:55:16,846 - madqn - DEBUG - train_madqn.py:93 - Iter 4 Ep 16 | TotalReturn=15.00 | AgentReturns=[A1:15.00] | Epsilon=0.220
2026-04-14 20:55:17,106 - madqn - DEBUG - train_madqn.py:93 - Iter 4 Ep 17 | TotalReturn=16.60 | AgentReturns=[A1:16.60] | Epsilon=0.209
2026-04-14 20:55:17,347 - madqn - DEBUG - train_madqn.py:93 - Iter 4 Ep 18 | TotalReturn=17.60 | AgentReturns=[A1:17.60] | Epsilon=0.199
2026-04-14 20:55:17,644 - madqn - DEBUG - train_madqn.py:93 - Iter 4 Ep 19 | TotalReturn=14.80 | AgentReturns=[A1:14.80] | Epsilon=0.189
2026-04-14 20:55:17,983 - madqn - DEBUG - train_madqn.py:93 - Iter 4 Ep 20 | TotalReturn=15.00 | AgentReturns=[A1:15.00] | Epsilon=0.179
2026-04-14 20:55:18,306 - madqn - DEBUG - train_madqn.py:93 - Iter 4 Ep 21 | TotalReturn=13.40 | AgentReturns=[A1:13.40] | Epsilon=0.170
2026-04-14 20:55:18,563 - madqn - DEBUG - train_madqn.py:93 - Iter 4 Ep 22 | TotalReturn=15.60 | AgentReturns=[A1:15.60] | Epsilon=0.162
2026-04-14 20:55:18,837 - madqn - DEBUG - train_madqn.py:93 - Iter 4 Ep 23 | TotalReturn=12.60 | AgentReturns=[A1:12.60] | Epsilon=0.154
2026-04-14 20:55:19,027 - madqn - DEBUG - train_madqn.py:93 - Iter 4 Ep 24 | TotalReturn=17.00 | AgentReturns=[A1:17.00] | Epsilon=0.146
2026-04-14 20:55:19,201 - madqn - DEBUG - train_madqn.py:93 - Iter 4 Ep 25 | TotalReturn=18.80 | AgentReturns=[A1:18.80] | Epsilon=0.139
2026-04-14 20:55:19,417 - madqn - DEBUG - train_madqn.py:93 - Iter 4 Ep 26 | TotalReturn=14.20 | AgentReturns=[A1:14.20] | Epsilon=0.132
2026-04-14 20:55:19,612 - madqn - DEBUG - train_madqn.py:93 - Iter 4 Ep 27 | TotalReturn=15.20 | AgentReturns=[A1:15.20] | Epsilon=0.125
2026-04-14 20:55:19,782 - madqn - DEBUG - train_madqn.py:93 - Iter 4 Ep 28 | TotalReturn=18.00 | AgentReturns=[A1:18.00] | Epsilon=0.119
2026-04-14 20:55:20,007 - madqn - DEBUG - train_madqn.py:93 - Iter 4 Ep 29 | TotalReturn=13.80 | AgentReturns=[A1:13.80] | Epsilon=0.113
2026-04-14 20:55:20,214 - madqn - DEBUG - train_madqn.py:93 - Iter 4 Ep 30 | TotalReturn=14.80 | AgentReturns=[A1:14.80] | Epsilon=0.107
2026-04-14 20:55:20,437 - madqn - DEBUG - train_madqn.py:93 - Iter 4 Ep 31 | TotalReturn=16.40 | AgentReturns=[A1:16.40] | Epsilon=0.102
2026-04-14 20:55:20,672 - madqn - DEBUG - train_madqn.py:93 - Iter 4 Ep 32 | TotalReturn=16.80 | AgentReturns=[A1:16.80] | Epsilon=0.100
2026-04-14 20:55:20,852 - madqn - DEBUG - train_madqn.py:93 - Iter 4 Ep 33 | TotalReturn=18.00 | AgentReturns=[A1:18.00] | Epsilon=0.100
2026-04-14 20:55:21,094 - madqn - DEBUG - train_madqn.py:93 - Iter 4 Ep 34 | TotalReturn=15.80 | AgentReturns=[A1:15.80] | Epsilon=0.100
2026-04-14 20:55:21,362 - madqn - DEBUG - train_madqn.py:93 - Iter 4 Ep 35 | TotalReturn=16.40 | AgentReturns=[A1:16.40] | Epsilon=0.100
2026-04-14 20:55:21,603 - madqn - DEBUG - train_madqn.py:93 - Iter 4 Ep 36 | TotalReturn=16.00 | AgentReturns=[A1:16.00] | Epsilon=0.100
2026-04-14 20:55:21,827 - madqn - DEBUG - train_madqn.py:93 - Iter 4 Ep 37 | TotalReturn=18.80 | AgentReturns=[A1:18.80] | Epsilon=0.100
2026-04-14 20:55:22,018 - madqn - DEBUG - train_madqn.py:93 - Iter 4 Ep 38 | TotalReturn=17.20 | AgentReturns=[A1:17.20] | Epsilon=0.100
2026-04-14 20:55:22,208 - madqn - DEBUG - train_madqn.py:93 - Iter 4 Ep 39 | TotalReturn=17.40 | AgentReturns=[A1:17.40] | Epsilon=0.100
2026-04-14 20:55:22,439 - madqn - DEBUG - train_madqn.py:93 - Iter 4 Ep 40 | TotalReturn=13.20 | AgentReturns=[A1:13.20] | Epsilon=0.100
2026-04-14 20:55:22,650 - madqn - DEBUG - train_madqn.py:93 - Iter 4 Ep 41 | TotalReturn=18.00 | AgentReturns=[A1:18.00] | Epsilon=0.100
2026-04-14 20:55:22,825 - madqn - DEBUG - train_madqn.py:93 - Iter 4 Ep 42 | TotalReturn=18.20 | AgentReturns=[A1:18.20] | Epsilon=0.100
2026-04-14 20:55:23,012 - madqn - DEBUG - train_madqn.py:93 - Iter 4 Ep 43 | TotalReturn=16.80 | AgentReturns=[A1:16.80] | Epsilon=0.100
2026-04-14 20:55:23,177 - madqn - DEBUG - train_madqn.py:93 - Iter 4 Ep 44 | TotalReturn=18.80 | AgentReturns=[A1:18.80] | Epsilon=0.100
2026-04-14 20:55:23,354 - madqn - DEBUG - train_madqn.py:93 - Iter 4 Ep 45 | TotalReturn=17.20 | AgentReturns=[A1:17.20] | Epsilon=0.100
2026-04-14 20:55:23,562 - madqn - DEBUG - train_madqn.py:93 - Iter 4 Ep 46 | TotalReturn=14.00 | AgentReturns=[A1:14.00] | Epsilon=0.100
2026-04-14 20:55:23,795 - madqn - DEBUG - train_madqn.py:93 - Iter 4 Ep 47 | TotalReturn=16.20 | AgentReturns=[A1:16.20] | Epsilon=0.100
2026-04-14 20:55:23,980 - madqn - DEBUG - train_madqn.py:93 - Iter 4 Ep 48 | TotalReturn=17.40 | AgentReturns=[A1:17.40] | Epsilon=0.100
2026-04-14 20:55:24,188 - madqn - DEBUG - train_madqn.py:93 - Iter 4 Ep 49 | TotalReturn=17.00 | AgentReturns=[A1:17.00] | Epsilon=0.100
2026-04-14 20:55:24,387 - madqn - DEBUG - train_madqn.py:93 - Iter 4 Ep 50 | TotalReturn=16.20 | AgentReturns=[A1:16.20] | Epsilon=0.100
2026-04-14 20:55:24,388 - madqn - INFO - train_madqn.py:38 - ---------- Iteration 5/5 开始 ----------
2026-04-14 20:55:24,718 - madqn - DEBUG - train_madqn.py:93 - Iter 5 Ep 1 | TotalReturn=5.00 | AgentReturns=[A1:5.00] | Epsilon=0.475
2026-04-14 20:55:24,999 - madqn - DEBUG - train_madqn.py:93 - Iter 5 Ep 2 | TotalReturn=8.80 | AgentReturns=[A1:8.80] | Epsilon=0.451
2026-04-14 20:55:25,326 - madqn - DEBUG - train_madqn.py:93 - Iter 5 Ep 3 | TotalReturn=5.00 | AgentReturns=[A1:5.00] | Epsilon=0.429
2026-04-14 20:55:25,766 - madqn - DEBUG - train_madqn.py:93 - Iter 5 Ep 4 | TotalReturn=-0.20 | AgentReturns=[A1:-0.20] | Epsilon=0.407
2026-04-14 20:55:26,001 - madqn - DEBUG - train_madqn.py:93 - Iter 5 Ep 5 | TotalReturn=12.00 | AgentReturns=[A1:12.00] | Epsilon=0.387
2026-04-14 20:55:26,310 - madqn - DEBUG - train_madqn.py:93 - Iter 5 Ep 6 | TotalReturn=4.80 | AgentReturns=[A1:4.80] | Epsilon=0.368
2026-04-14 20:55:26,581 - madqn - DEBUG - train_madqn.py:93 - Iter 5 Ep 7 | TotalReturn=9.00 | AgentReturns=[A1:9.00] | Epsilon=0.349
2026-04-14 20:55:26,790 - madqn - DEBUG - train_madqn.py:93 - Iter 5 Ep 8 | TotalReturn=11.40 | AgentReturns=[A1:11.40] | Epsilon=0.332
2026-04-14 20:55:27,023 - madqn - DEBUG - train_madqn.py:93 - Iter 5 Ep 9 | TotalReturn=11.40 | AgentReturns=[A1:11.40] | Epsilon=0.315
2026-04-14 20:55:27,317 - madqn - DEBUG - train_madqn.py:93 - Iter 5 Ep 10 | TotalReturn=6.20 | AgentReturns=[A1:6.20] | Epsilon=0.299
2026-04-14 20:55:27,546 - madqn - DEBUG - train_madqn.py:93 - Iter 5 Ep 11 | TotalReturn=14.00 | AgentReturns=[A1:14.00] | Epsilon=0.284
2026-04-14 20:55:27,810 - madqn - DEBUG - train_madqn.py:93 - Iter 5 Ep 12 | TotalReturn=10.60 | AgentReturns=[A1:10.60] | Epsilon=0.270
2026-04-14 20:55:28,139 - madqn - DEBUG - train_madqn.py:93 - Iter 5 Ep 13 | TotalReturn=4.40 | AgentReturns=[A1:4.40] | Epsilon=0.257
2026-04-14 20:55:28,378 - madqn - DEBUG - train_madqn.py:93 - Iter 5 Ep 14 | TotalReturn=11.20 | AgentReturns=[A1:11.20] | Epsilon=0.244
2026-04-14 20:55:28,555 - madqn - DEBUG - train_madqn.py:93 - Iter 5 Ep 15 | TotalReturn=18.20 | AgentReturns=[A1:18.20] | Epsilon=0.232
2026-04-14 20:55:28,773 - madqn - DEBUG - train_madqn.py:93 - Iter 5 Ep 16 | TotalReturn=13.40 | AgentReturns=[A1:13.40] | Epsilon=0.220
2026-04-14 20:55:28,982 - madqn - DEBUG - train_madqn.py:93 - Iter 5 Ep 17 | TotalReturn=13.80 | AgentReturns=[A1:13.80] | Epsilon=0.209
2026-04-14 20:55:29,166 - madqn - DEBUG - train_madqn.py:93 - Iter 5 Ep 18 | TotalReturn=16.00 | AgentReturns=[A1:16.00] | Epsilon=0.199
2026-04-14 20:55:29,371 - madqn - DEBUG - train_madqn.py:93 - Iter 5 Ep 19 | TotalReturn=14.80 | AgentReturns=[A1:14.80] | Epsilon=0.189
2026-04-14 20:55:29,557 - madqn - DEBUG - train_madqn.py:93 - Iter 5 Ep 20 | TotalReturn=16.80 | AgentReturns=[A1:16.80] | Epsilon=0.179
2026-04-14 20:55:29,723 - madqn - DEBUG - train_madqn.py:93 - Iter 5 Ep 21 | TotalReturn=18.80 | AgentReturns=[A1:18.80] | Epsilon=0.170
2026-04-14 20:55:29,894 - madqn - DEBUG - train_madqn.py:93 - Iter 5 Ep 22 | TotalReturn=18.00 | AgentReturns=[A1:18.00] | Epsilon=0.162
2026-04-14 20:55:30,122 - madqn - DEBUG - train_madqn.py:93 - Iter 5 Ep 23 | TotalReturn=13.80 | AgentReturns=[A1:13.80] | Epsilon=0.154
2026-04-14 20:55:30,331 - madqn - DEBUG - train_madqn.py:93 - Iter 5 Ep 24 | TotalReturn=15.60 | AgentReturns=[A1:15.60] | Epsilon=0.146
2026-04-14 20:55:30,503 - madqn - DEBUG - train_madqn.py:93 - Iter 5 Ep 25 | TotalReturn=17.40 | AgentReturns=[A1:17.40] | Epsilon=0.139
2026-04-14 20:55:30,719 - madqn - DEBUG - train_madqn.py:93 - Iter 5 Ep 26 | TotalReturn=14.20 | AgentReturns=[A1:14.20] | Epsilon=0.132
2026-04-14 20:55:30,908 - madqn - DEBUG - train_madqn.py:93 - Iter 5 Ep 27 | TotalReturn=16.40 | AgentReturns=[A1:16.40] | Epsilon=0.125
2026-04-14 20:55:31,084 - madqn - DEBUG - train_madqn.py:93 - Iter 5 Ep 28 | TotalReturn=17.40 | AgentReturns=[A1:17.40] | Epsilon=0.119
2026-04-14 20:55:31,264 - madqn - DEBUG - train_madqn.py:93 - Iter 5 Ep 29 | TotalReturn=17.60 | AgentReturns=[A1:17.60] | Epsilon=0.113
2026-04-14 20:55:31,442 - madqn - DEBUG - train_madqn.py:93 - Iter 5 Ep 30 | TotalReturn=17.60 | AgentReturns=[A1:17.60] | Epsilon=0.107
2026-04-14 20:55:31,601 - madqn - DEBUG - train_madqn.py:93 - Iter 5 Ep 31 | TotalReturn=18.80 | AgentReturns=[A1:18.80] | Epsilon=0.102
2026-04-14 20:55:31,784 - madqn - DEBUG - train_madqn.py:93 - Iter 5 Ep 32 | TotalReturn=17.60 | AgentReturns=[A1:17.60] | Epsilon=0.100
2026-04-14 20:55:31,979 - madqn - DEBUG - train_madqn.py:93 - Iter 5 Ep 33 | TotalReturn=16.40 | AgentReturns=[A1:16.40] | Epsilon=0.100
2026-04-14 20:55:32,168 - madqn - DEBUG - train_madqn.py:93 - Iter 5 Ep 34 | TotalReturn=16.40 | AgentReturns=[A1:16.40] | Epsilon=0.100
2026-04-14 20:55:32,359 - madqn - DEBUG - train_madqn.py:93 - Iter 5 Ep 35 | TotalReturn=16.00 | AgentReturns=[A1:16.00] | Epsilon=0.100
2026-04-14 20:55:32,557 - madqn - DEBUG - train_madqn.py:93 - Iter 5 Ep 36 | TotalReturn=14.80 | AgentReturns=[A1:14.80] | Epsilon=0.100
2026-04-14 20:55:32,737 - madqn - DEBUG - train_madqn.py:93 - Iter 5 Ep 37 | TotalReturn=16.40 | AgentReturns=[A1:16.40] | Epsilon=0.100
2026-04-14 20:55:32,909 - madqn - DEBUG - train_madqn.py:93 - Iter 5 Ep 38 | TotalReturn=18.20 | AgentReturns=[A1:18.20] | Epsilon=0.100
2026-04-14 20:55:33,085 - madqn - DEBUG - train_madqn.py:93 - Iter 5 Ep 39 | TotalReturn=17.40 | AgentReturns=[A1:17.40] | Epsilon=0.100
2026-04-14 20:55:33,262 - madqn - DEBUG - train_madqn.py:93 - Iter 5 Ep 40 | TotalReturn=17.40 | AgentReturns=[A1:17.40] | Epsilon=0.100
2026-04-14 20:55:33,450 - madqn - DEBUG - train_madqn.py:93 - Iter 5 Ep 41 | TotalReturn=17.00 | AgentReturns=[A1:17.00] | Epsilon=0.100
2026-04-14 20:55:33,651 - madqn - DEBUG - train_madqn.py:93 - Iter 5 Ep 42 | TotalReturn=17.00 | AgentReturns=[A1:17.00] | Epsilon=0.100
2026-04-14 20:55:33,812 - madqn - DEBUG - train_madqn.py:93 - Iter 5 Ep 43 | TotalReturn=18.80 | AgentReturns=[A1:18.80] | Epsilon=0.100
2026-04-14 20:55:34,017 - madqn - DEBUG - train_madqn.py:93 - Iter 5 Ep 44 | TotalReturn=14.80 | AgentReturns=[A1:14.80] | Epsilon=0.100
2026-04-14 20:55:34,233 - madqn - DEBUG - train_madqn.py:93 - Iter 5 Ep 45 | TotalReturn=14.40 | AgentReturns=[A1:14.40] | Epsilon=0.100
2026-04-14 20:55:34,409 - madqn - DEBUG - train_madqn.py:93 - Iter 5 Ep 46 | TotalReturn=17.40 | AgentReturns=[A1:17.40] | Epsilon=0.100
2026-04-14 20:55:34,571 - madqn - DEBUG - train_madqn.py:93 - Iter 5 Ep 47 | TotalReturn=18.80 | AgentReturns=[A1:18.80] | Epsilon=0.100
2026-04-14 20:55:34,774 - madqn - DEBUG - train_madqn.py:93 - Iter 5 Ep 48 | TotalReturn=15.00 | AgentReturns=[A1:15.00] | Epsilon=0.100
2026-04-14 20:55:34,965 - madqn - DEBUG - train_madqn.py:93 - Iter 5 Ep 49 | TotalReturn=16.40 | AgentReturns=[A1:16.40] | Epsilon=0.100
2026-04-14 20:55:35,142 - madqn - DEBUG - train_madqn.py:93 - Iter 5 Ep 50 | TotalReturn=17.40 | AgentReturns=[A1:17.40] | Epsilon=0.100
2026-04-14 20:55:35,143 - madqn - INFO - train_madqn.py:100 - MADQN 训练结束  总episode数=250  平均Return=13.01  最后10ep平均Return=16.70
