2026-04-14 20:57:34,988 - madqn - INFO - train_madqn.py:19 - 
2026-04-14 20:57:34,988 - madqn - INFO - train_madqn.py:20 - ################################################################################
2026-04-14 20:57:34,988 - madqn - INFO - train_madqn.py:21 - #                          MADQN 训练开始                                       #
2026-04-14 20:57:34,988 - madqn - INFO - train_madqn.py:22 - ################################################################################
2026-04-14 20:57:34,988 - madqn - INFO - train_madqn.py:23 - 训练参数: iteration=5, num_episodes=50, episode_length=5000, num_agents=4, lr=0.001, gamma=0.99, epsilon=0.5, epsilon_min=0.1, epsilon_decay=0.95, mini_batch_size=64, update_freq=10, device=cpu
2026-04-14 20:57:34,990 - madqn - INFO - train_madqn.py:38 - ---------- Iteration 1/5 开始 ----------
2026-04-14 20:57:43,639 - madqn - DEBUG - train_madqn.py:93 - Iter 1 Ep 1 | TotalReturn=-337.59 | AgentReturns=[A1:-119.49, A2:-74.13, A3:-76.21, A4:-67.76] | Epsilon=0.475
2026-04-14 20:57:49,533 - madqn - DEBUG - train_madqn.py:93 - Iter 1 Ep 2 | TotalReturn=-95.19 | AgentReturns=[A1:-103.11, A2:-6.43, A3:4.90, A4:9.46] | Epsilon=0.451
2026-04-14 20:57:53,141 - madqn - DEBUG - train_madqn.py:93 - Iter 1 Ep 3 | TotalReturn=-53.27 | AgentReturns=[A1:-31.63, A2:-9.70, A3:1.16, A4:-13.10] | Epsilon=0.429
2026-04-14 20:57:55,700 - madqn - DEBUG - train_madqn.py:93 - Iter 1 Ep 4 | TotalReturn=11.82 | AgentReturns=[A1:-18.19, A2:8.22, A3:11.73, A4:10.06] | Epsilon=0.407
2026-04-14 20:57:59,362 - madqn - DEBUG - train_madqn.py:93 - Iter 1 Ep 5 | TotalReturn=-6.62 | AgentReturns=[A1:-29.01, A2:2.13, A3:11.43, A4:8.83] | Epsilon=0.387
2026-04-14 20:58:02,105 - madqn - DEBUG - train_madqn.py:93 - Iter 1 Ep 6 | TotalReturn=-2.67 | AgentReturns=[A1:-30.39, A2:4.43, A3:12.06, A4:11.23] | Epsilon=0.368
2026-04-14 20:58:05,321 - madqn - DEBUG - train_madqn.py:93 - Iter 1 Ep 7 | TotalReturn=9.64 | AgentReturns=[A1:-12.75, A2:8.69, A3:4.04, A4:9.66] | Epsilon=0.349
2026-04-14 20:58:08,853 - madqn - DEBUG - train_madqn.py:93 - Iter 1 Ep 8 | TotalReturn=15.92 | AgentReturns=[A1:-13.54, A2:7.67, A3:9.11, A4:12.69] | Epsilon=0.332
2026-04-14 20:58:11,750 - madqn - DEBUG - train_madqn.py:93 - Iter 1 Ep 9 | TotalReturn=6.15 | AgentReturns=[A1:-17.10, A2:5.09, A3:8.13, A4:10.03] | Epsilon=0.315
2026-04-14 20:58:14,189 - madqn - DEBUG - train_madqn.py:93 - Iter 1 Ep 10 | TotalReturn=15.19 | AgentReturns=[A1:-14.31, A2:5.46, A3:12.15, A4:11.89] | Epsilon=0.299
2026-04-14 20:58:16,416 - madqn - DEBUG - train_madqn.py:93 - Iter 1 Ep 11 | TotalReturn=23.24 | AgentReturns=[A1:-3.17, A2:1.84, A3:11.97, A4:12.60] | Epsilon=0.284
2026-04-14 20:58:18,892 - madqn - DEBUG - train_madqn.py:93 - Iter 1 Ep 12 | TotalReturn=15.40 | AgentReturns=[A1:-10.86, A2:2.83, A3:11.19, A4:12.23] | Epsilon=0.270
2026-04-14 20:58:21,044 - madqn - DEBUG - train_madqn.py:93 - Iter 1 Ep 13 | TotalReturn=22.96 | AgentReturns=[A1:-6.81, A2:10.04, A3:13.47, A4:6.26] | Epsilon=0.257
2026-04-14 20:58:23,080 - madqn - DEBUG - train_madqn.py:93 - Iter 1 Ep 14 | TotalReturn=15.59 | AgentReturns=[A1:-4.11, A2:1.41, A3:6.29, A4:12.00] | Epsilon=0.244
2026-04-14 20:58:25,733 - madqn - DEBUG - train_madqn.py:93 - Iter 1 Ep 15 | TotalReturn=18.69 | AgentReturns=[A1:-6.99, A2:3.03, A3:12.79, A4:9.85] | Epsilon=0.232
2026-04-14 20:58:28,220 - madqn - DEBUG - train_madqn.py:93 - Iter 1 Ep 16 | TotalReturn=22.48 | AgentReturns=[A1:-6.59, A2:4.84, A3:11.62, A4:12.60] | Epsilon=0.220
2026-04-14 20:58:30,063 - madqn - DEBUG - train_madqn.py:93 - Iter 1 Ep 17 | TotalReturn=41.63 | AgentReturns=[A1:10.45, A2:7.78, A3:11.00, A4:12.40] | Epsilon=0.209
2026-04-14 20:58:32,504 - madqn - DEBUG - train_madqn.py:93 - Iter 1 Ep 18 | TotalReturn=30.93 | AgentReturns=[A1:-2.13, A2:7.95, A3:12.44, A4:12.67] | Epsilon=0.199
2026-04-14 20:58:34,803 - madqn - DEBUG - train_madqn.py:93 - Iter 1 Ep 19 | TotalReturn=33.71 | AgentReturns=[A1:3.10, A2:9.01, A3:9.53, A4:12.06] | Epsilon=0.189
2026-04-14 20:58:37,322 - madqn - DEBUG - train_madqn.py:93 - Iter 1 Ep 20 | TotalReturn=36.43 | AgentReturns=[A1:4.60, A2:6.43, A3:13.60, A4:11.80] | Epsilon=0.179
2026-04-14 20:58:39,772 - madqn - DEBUG - train_madqn.py:93 - Iter 1 Ep 21 | TotalReturn=34.56 | AgentReturns=[A1:3.75, A2:7.69, A3:10.89, A4:12.23] | Epsilon=0.170
2026-04-14 20:58:41,582 - madqn - DEBUG - train_madqn.py:93 - Iter 1 Ep 22 | TotalReturn=46.13 | AgentReturns=[A1:14.46, A2:9.42, A3:12.00, A4:10.25] | Epsilon=0.162
2026-04-14 20:58:43,462 - madqn - DEBUG - train_madqn.py:93 - Iter 1 Ep 23 | TotalReturn=41.93 | AgentReturns=[A1:6.63, A2:10.60, A3:12.45, A4:12.26] | Epsilon=0.154
2026-04-14 20:58:45,790 - madqn - DEBUG - train_madqn.py:93 - Iter 1 Ep 24 | TotalReturn=33.68 | AgentReturns=[A1:4.94, A2:7.32, A3:8.99, A4:12.43] | Epsilon=0.146
2026-04-14 20:58:47,971 - madqn - DEBUG - train_madqn.py:93 - Iter 1 Ep 25 | TotalReturn=37.52 | AgentReturns=[A1:5.06, A2:9.69, A3:10.35, A4:12.42] | Epsilon=0.139
2026-04-14 20:58:49,639 - madqn - DEBUG - train_madqn.py:93 - Iter 1 Ep 26 | TotalReturn=45.28 | AgentReturns=[A1:9.36, A2:9.30, A3:13.42, A4:13.20] | Epsilon=0.132
2026-04-14 20:58:51,668 - madqn - DEBUG - train_madqn.py:93 - Iter 1 Ep 27 | TotalReturn=44.49 | AgentReturns=[A1:8.21, A2:10.52, A3:13.08, A4:12.69] | Epsilon=0.125
2026-04-14 20:58:53,536 - madqn - DEBUG - train_madqn.py:93 - Iter 1 Ep 28 | TotalReturn=45.32 | AgentReturns=[A1:10.04, A2:10.62, A3:12.26, A4:12.40] | Epsilon=0.119
2026-04-14 20:58:55,631 - madqn - DEBUG - train_madqn.py:93 - Iter 1 Ep 29 | TotalReturn=48.38 | AgentReturns=[A1:13.24, A2:11.35, A3:12.09, A4:11.70] | Epsilon=0.113
2026-04-14 20:58:58,002 - madqn - DEBUG - train_madqn.py:93 - Iter 1 Ep 30 | TotalReturn=47.34 | AgentReturns=[A1:11.39, A2:10.85, A3:13.47, A4:11.63] | Epsilon=0.107
2026-04-14 20:58:59,497 - madqn - DEBUG - train_madqn.py:93 - Iter 1 Ep 31 | TotalReturn=51.06 | AgentReturns=[A1:13.55, A2:11.30, A3:13.00, A4:13.20] | Epsilon=0.102
2026-04-14 20:59:01,882 - madqn - DEBUG - train_madqn.py:93 - Iter 1 Ep 32 | TotalReturn=49.48 | AgentReturns=[A1:13.64, A2:9.13, A3:14.28, A4:12.43] | Epsilon=0.100
2026-04-14 20:59:03,698 - madqn - DEBUG - train_madqn.py:93 - Iter 1 Ep 33 | TotalReturn=52.02 | AgentReturns=[A1:15.81, A2:10.13, A3:13.66, A4:12.43] | Epsilon=0.100
2026-04-14 20:59:05,178 - madqn - DEBUG - train_madqn.py:93 - Iter 1 Ep 34 | TotalReturn=52.21 | AgentReturns=[A1:15.45, A2:11.46, A3:12.62, A4:12.68] | Epsilon=0.100
2026-04-14 20:59:06,850 - madqn - DEBUG - train_madqn.py:93 - Iter 1 Ep 35 | TotalReturn=50.39 | AgentReturns=[A1:13.32, A2:10.47, A3:13.57, A4:13.03] | Epsilon=0.100
2026-04-14 20:59:08,445 - madqn - DEBUG - train_madqn.py:93 - Iter 1 Ep 36 | TotalReturn=51.81 | AgentReturns=[A1:15.06, A2:9.99, A3:14.11, A4:12.64] | Epsilon=0.100
2026-04-14 20:59:10,666 - madqn - DEBUG - train_madqn.py:93 - Iter 1 Ep 37 | TotalReturn=48.50 | AgentReturns=[A1:12.66, A2:10.86, A3:12.39, A4:12.60] | Epsilon=0.100
2026-04-14 20:59:13,074 - madqn - DEBUG - train_madqn.py:93 - Iter 1 Ep 38 | TotalReturn=46.46 | AgentReturns=[A1:10.95, A2:9.23, A3:14.01, A4:12.26] | Epsilon=0.100
2026-04-14 20:59:14,963 - madqn - DEBUG - train_madqn.py:93 - Iter 1 Ep 39 | TotalReturn=47.16 | AgentReturns=[A1:9.84, A2:10.52, A3:13.60, A4:13.20] | Epsilon=0.100
2026-04-14 20:59:17,404 - madqn - DEBUG - train_madqn.py:93 - Iter 1 Ep 40 | TotalReturn=47.11 | AgentReturns=[A1:12.76, A2:10.38, A3:12.14, A4:11.83] | Epsilon=0.100
2026-04-14 20:59:19,400 - madqn - DEBUG - train_madqn.py:93 - Iter 1 Ep 41 | TotalReturn=46.93 | AgentReturns=[A1:11.54, A2:9.27, A3:13.73, A4:12.40] | Epsilon=0.100
2026-04-14 20:59:21,219 - madqn - DEBUG - train_madqn.py:93 - Iter 1 Ep 42 | TotalReturn=49.75 | AgentReturns=[A1:13.16, A2:9.84, A3:13.72, A4:13.03] | Epsilon=0.100
2026-04-14 20:59:22,951 - madqn - DEBUG - train_madqn.py:93 - Iter 1 Ep 43 | TotalReturn=49.01 | AgentReturns=[A1:11.80, A2:12.11, A3:14.21, A4:10.90] | Epsilon=0.100
2026-04-14 20:59:25,253 - madqn - DEBUG - train_madqn.py:93 - Iter 1 Ep 44 | TotalReturn=47.45 | AgentReturns=[A1:12.65, A2:9.54, A3:13.64, A4:11.63] | Epsilon=0.100
2026-04-14 20:59:27,545 - madqn - DEBUG - train_madqn.py:93 - Iter 1 Ep 45 | TotalReturn=48.36 | AgentReturns=[A1:12.61, A2:10.56, A3:12.49, A4:12.69] | Epsilon=0.100
2026-04-14 20:59:29,657 - madqn - DEBUG - train_madqn.py:93 - Iter 1 Ep 46 | TotalReturn=49.43 | AgentReturns=[A1:13.36, A2:9.41, A3:13.63, A4:13.03] | Epsilon=0.100
2026-04-14 20:59:31,888 - madqn - DEBUG - train_madqn.py:93 - Iter 1 Ep 47 | TotalReturn=46.21 | AgentReturns=[A1:9.77, A2:9.03, A3:14.40, A4:13.01] | Epsilon=0.100
2026-04-14 20:59:33,766 - madqn - DEBUG - train_madqn.py:93 - Iter 1 Ep 48 | TotalReturn=48.81 | AgentReturns=[A1:16.00, A2:7.35, A3:13.37, A4:12.09] | Epsilon=0.100
2026-04-14 20:59:35,570 - madqn - DEBUG - train_madqn.py:93 - Iter 1 Ep 49 | TotalReturn=47.98 | AgentReturns=[A1:12.74, A2:9.76, A3:12.28, A4:13.20] | Epsilon=0.100
2026-04-14 20:59:37,617 - madqn - DEBUG - train_madqn.py:93 - Iter 1 Ep 50 | TotalReturn=42.78 | AgentReturns=[A1:9.22, A2:10.32, A3:12.46, A4:10.78] | Epsilon=0.100
2026-04-14 20:59:37,618 - madqn - INFO - train_madqn.py:38 - ---------- Iteration 2/5 开始 ----------
2026-04-14 20:59:41,820 - madqn - DEBUG - train_madqn.py:93 - Iter 2 Ep 1 | TotalReturn=-21.07 | AgentReturns=[A1:-21.56, A2:-4.91, A3:2.27, A4:3.13] | Epsilon=0.475
2026-04-14 20:59:45,563 - madqn - DEBUG - train_madqn.py:93 - Iter 2 Ep 2 | TotalReturn=-20.08 | AgentReturns=[A1:-31.54, A2:-8.07, A3:9.10, A4:10.43] | Epsilon=0.451
2026-04-14 20:59:49,996 - madqn - DEBUG - train_madqn.py:93 - Iter 2 Ep 3 | TotalReturn=-11.98 | AgentReturns=[A1:-19.53, A2:-1.59, A3:7.13, A4:2.02] | Epsilon=0.429
2026-04-14 20:59:53,624 - madqn - DEBUG - train_madqn.py:93 - Iter 2 Ep 4 | TotalReturn=-4.37 | AgentReturns=[A1:-14.10, A2:1.42, A3:4.46, A4:3.84] | Epsilon=0.407
2026-04-14 20:59:57,463 - madqn - DEBUG - train_madqn.py:93 - Iter 2 Ep 5 | TotalReturn=10.03 | AgentReturns=[A1:-14.22, A2:5.70, A3:8.65, A4:9.89] | Epsilon=0.387
2026-04-14 21:00:01,169 - madqn - DEBUG - train_madqn.py:93 - Iter 2 Ep 6 | TotalReturn=-16.42 | AgentReturns=[A1:-27.35, A2:-4.02, A3:7.80, A4:7.15] | Epsilon=0.368
2026-04-14 21:00:03,948 - madqn - DEBUG - train_madqn.py:93 - Iter 2 Ep 7 | TotalReturn=22.47 | AgentReturns=[A1:-4.32, A2:6.67, A3:10.47, A4:9.66] | Epsilon=0.349
2026-04-14 21:00:06,565 - madqn - DEBUG - train_madqn.py:93 - Iter 2 Ep 8 | TotalReturn=26.05 | AgentReturns=[A1:-5.03, A2:8.79, A3:12.00, A4:10.30] | Epsilon=0.332
2026-04-14 21:00:08,998 - madqn - DEBUG - train_madqn.py:93 - Iter 2 Ep 9 | TotalReturn=20.71 | AgentReturns=[A1:-4.32, A2:4.17, A3:11.36, A4:9.50] | Epsilon=0.315
2026-04-14 21:00:11,442 - madqn - DEBUG - train_madqn.py:93 - Iter 2 Ep 10 | TotalReturn=25.14 | AgentReturns=[A1:-3.90, A2:7.05, A3:9.38, A4:12.60] | Epsilon=0.299
2026-04-14 21:00:14,160 - madqn - DEBUG - train_madqn.py:93 - Iter 2 Ep 11 | TotalReturn=28.78 | AgentReturns=[A1:2.86, A2:6.77, A3:9.91, A4:9.24] | Epsilon=0.284
2026-04-14 21:00:16,741 - madqn - DEBUG - train_madqn.py:93 - Iter 2 Ep 12 | TotalReturn=31.28 | AgentReturns=[A1:5.44, A2:4.99, A3:8.81, A4:12.03] | Epsilon=0.270
2026-04-14 21:00:19,785 - madqn - DEBUG - train_madqn.py:93 - Iter 2 Ep 13 | TotalReturn=22.57 | AgentReturns=[A1:-1.31, A2:3.45, A3:9.83, A4:10.60] | Epsilon=0.257
2026-04-14 21:00:22,568 - madqn - DEBUG - train_madqn.py:93 - Iter 2 Ep 14 | TotalReturn=33.29 | AgentReturns=[A1:0.90, A2:10.46, A3:13.30, A4:8.63] | Epsilon=0.244
2026-04-14 21:00:24,705 - madqn - DEBUG - train_madqn.py:93 - Iter 2 Ep 15 | TotalReturn=36.13 | AgentReturns=[A1:8.60, A2:7.88, A3:13.38, A4:6.28] | Epsilon=0.232
2026-04-14 21:00:26,789 - madqn - DEBUG - train_madqn.py:93 - Iter 2 Ep 16 | TotalReturn=35.48 | AgentReturns=[A1:5.00, A2:7.90, A3:10.18, A4:12.40] | Epsilon=0.220
2026-04-14 21:00:28,803 - madqn - DEBUG - train_madqn.py:93 - Iter 2 Ep 17 | TotalReturn=43.41 | AgentReturns=[A1:11.35, A2:6.58, A3:13.24, A4:12.23] | Epsilon=0.209
2026-04-14 21:00:32,407 - madqn - DEBUG - train_madqn.py:93 - Iter 2 Ep 18 | TotalReturn=37.63 | AgentReturns=[A1:6.97, A2:9.72, A3:8.34, A4:12.60] | Epsilon=0.199
2026-04-14 21:00:35,964 - madqn - DEBUG - train_madqn.py:93 - Iter 2 Ep 19 | TotalReturn=38.20 | AgentReturns=[A1:4.84, A2:7.50, A3:14.23, A4:11.64] | Epsilon=0.189
2026-04-14 21:00:38,921 - madqn - DEBUG - train_madqn.py:93 - Iter 2 Ep 20 | TotalReturn=40.55 | AgentReturns=[A1:4.21, A2:10.71, A3:13.20, A4:12.43] | Epsilon=0.179
2026-04-14 21:00:41,299 - madqn - DEBUG - train_madqn.py:93 - Iter 2 Ep 21 | TotalReturn=34.46 | AgentReturns=[A1:4.07, A2:7.07, A3:11.37, A4:11.94] | Epsilon=0.170
2026-04-14 21:00:43,200 - madqn - DEBUG - train_madqn.py:93 - Iter 2 Ep 22 | TotalReturn=47.73 | AgentReturns=[A1:11.22, A2:9.88, A3:13.60, A4:13.03] | Epsilon=0.162
2026-04-14 21:00:45,010 - madqn - DEBUG - train_madqn.py:93 - Iter 2 Ep 23 | TotalReturn=45.00 | AgentReturns=[A1:9.60, A2:10.18, A3:13.01, A4:12.21] | Epsilon=0.154
2026-04-14 21:00:46,936 - madqn - DEBUG - train_madqn.py:93 - Iter 2 Ep 24 | TotalReturn=48.79 | AgentReturns=[A1:14.14, A2:9.92, A3:11.95, A4:12.78] | Epsilon=0.146
2026-04-14 21:00:48,845 - madqn - DEBUG - train_madqn.py:93 - Iter 2 Ep 25 | TotalReturn=38.51 | AgentReturns=[A1:8.03, A2:7.48, A3:11.16, A4:11.83] | Epsilon=0.139
2026-04-14 21:00:50,453 - madqn - DEBUG - train_madqn.py:93 - Iter 2 Ep 26 | TotalReturn=46.00 | AgentReturns=[A1:12.93, A2:8.93, A3:12.14, A4:12.00] | Epsilon=0.132
2026-04-14 21:00:52,154 - madqn - DEBUG - train_madqn.py:93 - Iter 2 Ep 27 | TotalReturn=51.38 | AgentReturns=[A1:13.40, A2:11.25, A3:14.33, A4:12.40] | Epsilon=0.125
2026-04-14 21:00:54,028 - madqn - DEBUG - train_madqn.py:93 - Iter 2 Ep 28 | TotalReturn=39.78 | AgentReturns=[A1:6.89, A2:10.44, A3:10.99, A4:11.46] | Epsilon=0.119
2026-04-14 21:00:55,834 - madqn - DEBUG - train_madqn.py:93 - Iter 2 Ep 29 | TotalReturn=42.26 | AgentReturns=[A1:7.40, A2:8.53, A3:13.30, A4:13.03] | Epsilon=0.113
2026-04-14 21:00:58,724 - madqn - DEBUG - train_madqn.py:93 - Iter 2 Ep 30 | TotalReturn=50.18 | AgentReturns=[A1:13.77, A2:10.97, A3:13.98, A4:11.46] | Epsilon=0.107
2026-04-14 21:01:00,488 - madqn - DEBUG - train_madqn.py:93 - Iter 2 Ep 31 | TotalReturn=46.53 | AgentReturns=[A1:11.87, A2:8.56, A3:14.00, A4:12.09] | Epsilon=0.102
2026-04-14 21:01:02,810 - madqn - DEBUG - train_madqn.py:93 - Iter 2 Ep 32 | TotalReturn=50.36 | AgentReturns=[A1:14.67, A2:9.51, A3:13.14, A4:13.03] | Epsilon=0.100
2026-04-14 21:01:04,606 - madqn - DEBUG - train_madqn.py:93 - Iter 2 Ep 33 | TotalReturn=45.82 | AgentReturns=[A1:10.15, A2:10.11, A3:13.15, A4:12.40] | Epsilon=0.100
2026-04-14 21:01:06,516 - madqn - DEBUG - train_madqn.py:93 - Iter 2 Ep 34 | TotalReturn=52.40 | AgentReturns=[A1:17.81, A2:8.76, A3:12.81, A4:13.03] | Epsilon=0.100
2026-04-14 21:01:08,657 - madqn - DEBUG - train_madqn.py:93 - Iter 2 Ep 35 | TotalReturn=49.32 | AgentReturns=[A1:16.28, A2:9.00, A3:11.60, A4:12.44] | Epsilon=0.100
2026-04-14 21:01:10,215 - madqn - DEBUG - train_madqn.py:93 - Iter 2 Ep 36 | TotalReturn=48.20 | AgentReturns=[A1:13.57, A2:10.94, A3:12.37, A4:11.32] | Epsilon=0.100
2026-04-14 21:01:12,425 - madqn - DEBUG - train_madqn.py:93 - Iter 2 Ep 37 | TotalReturn=50.06 | AgentReturns=[A1:13.42, A2:9.64, A3:13.80, A4:13.20] | Epsilon=0.100
2026-04-14 21:01:14,321 - madqn - DEBUG - train_madqn.py:93 - Iter 2 Ep 38 | TotalReturn=47.10 | AgentReturns=[A1:14.60, A2:9.15, A3:13.52, A4:9.83] | Epsilon=0.100
2026-04-14 21:01:16,377 - madqn - DEBUG - train_madqn.py:93 - Iter 2 Ep 39 | TotalReturn=45.57 | AgentReturns=[A1:11.85, A2:10.17, A3:11.12, A4:12.43] | Epsilon=0.100
2026-04-14 21:01:17,977 - madqn - DEBUG - train_madqn.py:93 - Iter 2 Ep 40 | TotalReturn=47.68 | AgentReturns=[A1:11.85, A2:11.79, A3:13.98, A4:10.06] | Epsilon=0.100
2026-04-14 21:01:21,962 - madqn - DEBUG - train_madqn.py:93 - Iter 2 Ep 41 | TotalReturn=43.25 | AgentReturns=[A1:9.13, A2:10.26, A3:12.06, A4:11.80] | Epsilon=0.100
2026-04-14 21:01:24,367 - madqn - DEBUG - train_madqn.py:93 - Iter 2 Ep 42 | TotalReturn=48.04 | AgentReturns=[A1:12.70, A2:9.65, A3:13.43, A4:12.26] | Epsilon=0.100
2026-04-14 21:01:26,006 - madqn - DEBUG - train_madqn.py:93 - Iter 2 Ep 43 | TotalReturn=50.39 | AgentReturns=[A1:16.83, A2:8.72, A3:13.62, A4:11.22] | Epsilon=0.100
2026-04-14 21:01:28,614 - madqn - DEBUG - train_madqn.py:93 - Iter 2 Ep 44 | TotalReturn=52.21 | AgentReturns=[A1:15.59, A2:9.77, A3:14.00, A4:12.86] | Epsilon=0.100
2026-04-14 21:01:30,559 - madqn - DEBUG - train_madqn.py:93 - Iter 2 Ep 45 | TotalReturn=50.12 | AgentReturns=[A1:13.43, A2:10.84, A3:14.22, A4:11.62] | Epsilon=0.100
2026-04-14 21:01:32,845 - madqn - DEBUG - train_madqn.py:93 - Iter 2 Ep 46 | TotalReturn=48.17 | AgentReturns=[A1:9.85, A2:11.69, A3:13.60, A4:13.03] | Epsilon=0.100
2026-04-14 21:01:34,708 - madqn - DEBUG - train_madqn.py:93 - Iter 2 Ep 47 | TotalReturn=48.92 | AgentReturns=[A1:11.86, A2:10.84, A3:13.20, A4:13.03] | Epsilon=0.100
2026-04-14 21:01:36,220 - madqn - DEBUG - train_madqn.py:93 - Iter 2 Ep 48 | TotalReturn=51.56 | AgentReturns=[A1:14.77, A2:9.56, A3:14.04, A4:13.20] | Epsilon=0.100
2026-04-14 21:01:37,823 - madqn - DEBUG - train_madqn.py:93 - Iter 2 Ep 49 | TotalReturn=51.02 | AgentReturns=[A1:15.36, A2:10.12, A3:13.31, A4:12.23] | Epsilon=0.100
2026-04-14 21:01:39,778 - madqn - DEBUG - train_madqn.py:93 - Iter 2 Ep 50 | TotalReturn=44.64 | AgentReturns=[A1:10.75, A2:8.49, A3:12.21, A4:13.20] | Epsilon=0.100
2026-04-14 21:01:39,778 - madqn - INFO - train_madqn.py:38 - ---------- Iteration 3/5 开始 ----------
2026-04-14 21:01:42,730 - madqn - DEBUG - train_madqn.py:93 - Iter 3 Ep 1 | TotalReturn=-15.40 | AgentReturns=[A1:-28.14, A2:0.13, A3:3.60, A4:9.00] | Epsilon=0.475
2026-04-14 21:01:51,535 - madqn - DEBUG - train_madqn.py:93 - Iter 3 Ep 2 | TotalReturn=-24.93 | AgentReturns=[A1:-42.58, A2:4.72, A3:4.71, A4:8.22] | Epsilon=0.451
2026-04-14 21:01:54,771 - madqn - DEBUG - train_madqn.py:93 - Iter 3 Ep 3 | TotalReturn=10.25 | AgentReturns=[A1:-12.48, A2:1.49, A3:11.63, A4:9.61] | Epsilon=0.429
2026-04-14 21:01:58,405 - madqn - DEBUG - train_madqn.py:93 - Iter 3 Ep 4 | TotalReturn=-21.26 | AgentReturns=[A1:-35.64, A2:-5.14, A3:10.21, A4:9.31] | Epsilon=0.407
2026-04-14 21:02:01,425 - madqn - DEBUG - train_madqn.py:93 - Iter 3 Ep 5 | TotalReturn=4.82 | AgentReturns=[A1:-19.53, A2:6.11, A3:7.55, A4:10.69] | Epsilon=0.387
2026-04-14 21:02:04,764 - madqn - DEBUG - train_madqn.py:93 - Iter 3 Ep 6 | TotalReturn=14.20 | AgentReturns=[A1:-5.51, A2:-2.58, A3:12.89, A4:9.40] | Epsilon=0.368
2026-04-14 21:02:07,667 - madqn - DEBUG - train_madqn.py:93 - Iter 3 Ep 7 | TotalReturn=17.77 | AgentReturns=[A1:-9.02, A2:3.58, A3:10.43, A4:12.79] | Epsilon=0.349
2026-04-14 21:02:12,272 - madqn - DEBUG - train_madqn.py:93 - Iter 3 Ep 8 | TotalReturn=6.12 | AgentReturns=[A1:-23.37, A2:6.80, A3:12.23, A4:10.47] | Epsilon=0.332
2026-04-14 21:02:14,674 - madqn - DEBUG - train_madqn.py:93 - Iter 3 Ep 9 | TotalReturn=20.00 | AgentReturns=[A1:-6.49, A2:2.29, A3:11.80, A4:12.40] | Epsilon=0.315
2026-04-14 21:02:17,866 - madqn - DEBUG - train_madqn.py:93 - Iter 3 Ep 10 | TotalReturn=9.49 | AgentReturns=[A1:-17.86, A2:6.46, A3:10.47, A4:10.43] | Epsilon=0.299
2026-04-14 21:02:20,106 - madqn - DEBUG - train_madqn.py:93 - Iter 3 Ep 11 | TotalReturn=26.27 | AgentReturns=[A1:2.03, A2:5.17, A3:8.21, A4:10.86] | Epsilon=0.284
2026-04-14 21:02:22,899 - madqn - DEBUG - train_madqn.py:93 - Iter 3 Ep 12 | TotalReturn=29.52 | AgentReturns=[A1:0.97, A2:6.52, A3:11.00, A4:11.02] | Epsilon=0.270
2026-04-14 21:02:25,630 - madqn - DEBUG - train_madqn.py:93 - Iter 3 Ep 13 | TotalReturn=23.14 | AgentReturns=[A1:-4.86, A2:5.00, A3:12.60, A4:10.40] | Epsilon=0.257
2026-04-14 21:02:27,912 - madqn - DEBUG - train_madqn.py:93 - Iter 3 Ep 14 | TotalReturn=23.01 | AgentReturns=[A1:-7.23, A2:6.85, A3:11.34, A4:12.05] | Epsilon=0.244
2026-04-14 21:02:30,262 - madqn - DEBUG - train_madqn.py:93 - Iter 3 Ep 15 | TotalReturn=28.88 | AgentReturns=[A1:2.64, A2:5.97, A3:10.24, A4:10.03] | Epsilon=0.232
2026-04-14 21:02:32,361 - madqn - DEBUG - train_madqn.py:93 - Iter 3 Ep 16 | TotalReturn=38.85 | AgentReturns=[A1:4.90, A2:10.14, A3:12.19, A4:11.63] | Epsilon=0.220
2026-04-14 21:02:35,016 - madqn - DEBUG - train_madqn.py:93 - Iter 3 Ep 17 | TotalReturn=38.22 | AgentReturns=[A1:7.76, A2:5.86, A3:12.00, A4:12.60] | Epsilon=0.209
2026-04-14 21:02:36,830 - madqn - DEBUG - train_madqn.py:93 - Iter 3 Ep 18 | TotalReturn=39.38 | AgentReturns=[A1:6.70, A2:10.61, A3:14.17, A4:7.90] | Epsilon=0.199
2026-04-14 21:02:39,218 - madqn - DEBUG - train_madqn.py:93 - Iter 3 Ep 19 | TotalReturn=39.58 | AgentReturns=[A1:6.46, A2:8.75, A3:11.61, A4:12.76] | Epsilon=0.189
2026-04-14 21:02:41,093 - madqn - DEBUG - train_madqn.py:93 - Iter 3 Ep 20 | TotalReturn=47.09 | AgentReturns=[A1:13.25, A2:7.82, A3:13.60, A4:12.43] | Epsilon=0.179
2026-04-14 21:02:42,994 - madqn - DEBUG - train_madqn.py:93 - Iter 3 Ep 21 | TotalReturn=47.18 | AgentReturns=[A1:9.98, A2:10.57, A3:13.60, A4:13.03] | Epsilon=0.170
2026-04-14 21:02:44,966 - madqn - DEBUG - train_madqn.py:93 - Iter 3 Ep 22 | TotalReturn=42.97 | AgentReturns=[A1:6.86, A2:9.71, A3:13.20, A4:13.20] | Epsilon=0.162
2026-04-14 21:02:48,243 - madqn - DEBUG - train_madqn.py:93 - Iter 3 Ep 23 | TotalReturn=37.09 | AgentReturns=[A1:2.46, A2:8.80, A3:12.80, A4:13.03] | Epsilon=0.154
2026-04-14 21:02:50,207 - madqn - DEBUG - train_madqn.py:93 - Iter 3 Ep 24 | TotalReturn=44.10 | AgentReturns=[A1:10.69, A2:8.20, A3:12.78, A4:12.43] | Epsilon=0.146
2026-04-14 21:02:52,090 - madqn - DEBUG - train_madqn.py:93 - Iter 3 Ep 25 | TotalReturn=44.80 | AgentReturns=[A1:8.65, A2:10.65, A3:13.41, A4:12.09] | Epsilon=0.139
2026-04-14 21:02:54,290 - madqn - DEBUG - train_madqn.py:93 - Iter 3 Ep 26 | TotalReturn=46.54 | AgentReturns=[A1:10.31, A2:8.63, A3:14.40, A4:13.20] | Epsilon=0.132
2026-04-14 21:02:56,781 - madqn - DEBUG - train_madqn.py:93 - Iter 3 Ep 27 | TotalReturn=43.88 | AgentReturns=[A1:7.95, A2:9.51, A3:13.39, A4:13.03] | Epsilon=0.125
2026-04-14 21:02:58,993 - madqn - DEBUG - train_madqn.py:93 - Iter 3 Ep 28 | TotalReturn=50.06 | AgentReturns=[A1:15.96, A2:8.50, A3:13.00, A4:12.60] | Epsilon=0.119
2026-04-14 21:03:00,736 - madqn - DEBUG - train_madqn.py:93 - Iter 3 Ep 29 | TotalReturn=46.34 | AgentReturns=[A1:12.61, A2:9.84, A3:10.86, A4:13.03] | Epsilon=0.113
2026-04-14 21:03:02,821 - madqn - DEBUG - train_madqn.py:93 - Iter 3 Ep 30 | TotalReturn=45.97 | AgentReturns=[A1:12.21, A2:7.85, A3:14.40, A4:11.51] | Epsilon=0.107
2026-04-14 21:03:04,851 - madqn - DEBUG - train_madqn.py:93 - Iter 3 Ep 31 | TotalReturn=42.52 | AgentReturns=[A1:8.07, A2:10.42, A3:11.61, A4:12.43] | Epsilon=0.102
2026-04-14 21:03:06,696 - madqn - DEBUG - train_madqn.py:93 - Iter 3 Ep 32 | TotalReturn=53.35 | AgentReturns=[A1:15.12, A2:10.63, A3:14.40, A4:13.20] | Epsilon=0.100
2026-04-14 21:03:08,539 - madqn - DEBUG - train_madqn.py:93 - Iter 3 Ep 33 | TotalReturn=53.93 | AgentReturns=[A1:17.68, A2:9.75, A3:13.98, A4:12.52] | Epsilon=0.100
2026-04-14 21:03:10,693 - madqn - DEBUG - train_madqn.py:93 - Iter 3 Ep 34 | TotalReturn=47.66 | AgentReturns=[A1:12.22, A2:11.06, A3:13.25, A4:11.14] | Epsilon=0.100
2026-04-14 21:03:12,858 - madqn - DEBUG - train_madqn.py:93 - Iter 3 Ep 35 | TotalReturn=46.36 | AgentReturns=[A1:10.42, A2:10.71, A3:13.01, A4:12.23] | Epsilon=0.100
2026-04-14 21:03:14,706 - madqn - DEBUG - train_madqn.py:93 - Iter 3 Ep 36 | TotalReturn=43.16 | AgentReturns=[A1:9.89, A2:10.04, A3:10.80, A4:12.43] | Epsilon=0.100
2026-04-14 21:03:16,662 - madqn - DEBUG - train_madqn.py:93 - Iter 3 Ep 37 | TotalReturn=50.74 | AgentReturns=[A1:15.57, A2:9.55, A3:13.22, A4:12.40] | Epsilon=0.100
2026-04-14 21:03:18,663 - madqn - DEBUG - train_madqn.py:93 - Iter 3 Ep 38 | TotalReturn=42.90 | AgentReturns=[A1:6.96, A2:9.10, A3:13.63, A4:13.20] | Epsilon=0.100
2026-04-14 21:03:20,780 - madqn - DEBUG - train_madqn.py:93 - Iter 3 Ep 39 | TotalReturn=47.82 | AgentReturns=[A1:9.85, A2:11.78, A3:13.53, A4:12.65] | Epsilon=0.100
2026-04-14 21:03:22,451 - madqn - DEBUG - train_madqn.py:93 - Iter 3 Ep 40 | TotalReturn=52.06 | AgentReturns=[A1:16.52, A2:10.80, A3:13.29, A4:11.45] | Epsilon=0.100
2026-04-14 21:03:24,506 - madqn - DEBUG - train_madqn.py:93 - Iter 3 Ep 41 | TotalReturn=53.43 | AgentReturns=[A1:16.46, A2:11.55, A3:13.00, A4:12.42] | Epsilon=0.100
2026-04-14 21:03:26,255 - madqn - DEBUG - train_madqn.py:93 - Iter 3 Ep 42 | TotalReturn=45.82 | AgentReturns=[A1:11.75, A2:8.04, A3:14.40, A4:11.63] | Epsilon=0.100
2026-04-14 21:03:28,160 - madqn - DEBUG - train_madqn.py:93 - Iter 3 Ep 43 | TotalReturn=52.62 | AgentReturns=[A1:16.06, A2:11.88, A3:12.43, A4:12.25] | Epsilon=0.100
2026-04-14 21:03:30,313 - madqn - DEBUG - train_madqn.py:93 - Iter 3 Ep 44 | TotalReturn=48.02 | AgentReturns=[A1:11.56, A2:11.10, A3:13.53, A4:11.83] | Epsilon=0.100
2026-04-14 21:03:32,148 - madqn - DEBUG - train_madqn.py:93 - Iter 3 Ep 45 | TotalReturn=45.65 | AgentReturns=[A1:11.64, A2:8.58, A3:13.03, A4:12.40] | Epsilon=0.100
2026-04-14 21:03:34,267 - madqn - DEBUG - train_madqn.py:93 - Iter 3 Ep 46 | TotalReturn=50.76 | AgentReturns=[A1:16.87, A2:6.70, A3:13.99, A4:13.20] | Epsilon=0.100
2026-04-14 21:03:36,283 - madqn - DEBUG - train_madqn.py:93 - Iter 3 Ep 47 | TotalReturn=49.37 | AgentReturns=[A1:11.54, A2:11.64, A3:13.00, A4:13.20] | Epsilon=0.100
2026-04-14 21:03:38,387 - madqn - DEBUG - train_madqn.py:93 - Iter 3 Ep 48 | TotalReturn=51.95 | AgentReturns=[A1:14.38, A2:10.44, A3:14.10, A4:13.03] | Epsilon=0.100
2026-04-14 21:03:41,303 - madqn - DEBUG - train_madqn.py:93 - Iter 3 Ep 49 | TotalReturn=52.43 | AgentReturns=[A1:15.38, A2:10.79, A3:14.21, A4:12.05] | Epsilon=0.100
2026-04-14 21:03:44,483 - madqn - DEBUG - train_madqn.py:93 - Iter 3 Ep 50 | TotalReturn=47.76 | AgentReturns=[A1:15.03, A2:8.69, A3:13.18, A4:10.87] | Epsilon=0.100
2026-04-14 21:03:44,484 - madqn - INFO - train_madqn.py:38 - ---------- Iteration 4/5 开始 ----------
2026-04-14 21:03:48,581 - madqn - DEBUG - train_madqn.py:93 - Iter 4 Ep 1 | TotalReturn=-12.39 | AgentReturns=[A1:-22.07, A2:-2.54, A3:4.75, A4:7.46] | Epsilon=0.475
2026-04-14 21:03:53,969 - madqn - DEBUG - train_madqn.py:93 - Iter 4 Ep 2 | TotalReturn=-41.30 | AgentReturns=[A1:-51.45, A2:-0.17, A3:6.23, A4:4.09] | Epsilon=0.451
2026-04-14 21:03:58,276 - madqn - DEBUG - train_madqn.py:93 - Iter 4 Ep 3 | TotalReturn=3.47 | AgentReturns=[A1:-21.02, A2:7.92, A3:8.83, A4:7.74] | Epsilon=0.429
2026-04-14 21:04:06,259 - madqn - DEBUG - train_madqn.py:93 - Iter 4 Ep 4 | TotalReturn=-5.59 | AgentReturns=[A1:-25.50, A2:2.49, A3:7.76, A4:9.66] | Epsilon=0.407
2026-04-14 21:04:08,835 - madqn - DEBUG - train_madqn.py:93 - Iter 4 Ep 5 | TotalReturn=-1.40 | AgentReturns=[A1:-17.45, A2:0.52, A3:4.52, A4:11.00] | Epsilon=0.387
2026-04-14 21:04:12,115 - madqn - DEBUG - train_madqn.py:93 - Iter 4 Ep 6 | TotalReturn=8.33 | AgentReturns=[A1:-4.84, A2:-6.11, A3:8.86, A4:10.43] | Epsilon=0.368
2026-04-14 21:04:15,901 - madqn - DEBUG - train_madqn.py:93 - Iter 4 Ep 7 | TotalReturn=7.17 | AgentReturns=[A1:-12.14, A2:2.18, A3:9.82, A4:7.31] | Epsilon=0.349
2026-04-14 21:04:19,484 - madqn - DEBUG - train_madqn.py:93 - Iter 4 Ep 8 | TotalReturn=12.15 | AgentReturns=[A1:-14.03, A2:3.12, A3:12.83, A4:10.23] | Epsilon=0.332
2026-04-14 21:04:22,775 - madqn - DEBUG - train_madqn.py:93 - Iter 4 Ep 9 | TotalReturn=18.33 | AgentReturns=[A1:-11.40, A2:3.58, A3:13.92, A4:12.23] | Epsilon=0.315
2026-04-14 21:04:26,829 - madqn - DEBUG - train_madqn.py:93 - Iter 4 Ep 10 | TotalReturn=16.33 | AgentReturns=[A1:-10.15, A2:7.82, A3:6.83, A4:11.83] | Epsilon=0.299
2026-04-14 21:04:29,807 - madqn - DEBUG - train_madqn.py:93 - Iter 4 Ep 11 | TotalReturn=26.19 | AgentReturns=[A1:-1.64, A2:8.94, A3:11.87, A4:7.02] | Epsilon=0.284
2026-04-14 21:04:32,366 - madqn - DEBUG - train_madqn.py:93 - Iter 4 Ep 12 | TotalReturn=21.70 | AgentReturns=[A1:-2.47, A2:1.70, A3:13.36, A4:9.11] | Epsilon=0.270
2026-04-14 21:04:34,719 - madqn - DEBUG - train_madqn.py:93 - Iter 4 Ep 13 | TotalReturn=20.00 | AgentReturns=[A1:-8.54, A2:7.85, A3:11.03, A4:9.66] | Epsilon=0.257
2026-04-14 21:04:37,045 - madqn - DEBUG - train_madqn.py:93 - Iter 4 Ep 14 | TotalReturn=35.54 | AgentReturns=[A1:-0.18, A2:10.36, A3:12.51, A4:12.85] | Epsilon=0.244
2026-04-14 21:04:39,477 - madqn - DEBUG - train_madqn.py:93 - Iter 4 Ep 15 | TotalReturn=30.42 | AgentReturns=[A1:-2.59, A2:6.79, A3:13.80, A4:12.42] | Epsilon=0.232
2026-04-14 21:04:42,488 - madqn - DEBUG - train_madqn.py:93 - Iter 4 Ep 16 | TotalReturn=31.92 | AgentReturns=[A1:6.30, A2:6.49, A3:10.63, A4:8.50] | Epsilon=0.220
2026-04-14 21:04:44,689 - madqn - DEBUG - train_madqn.py:93 - Iter 4 Ep 17 | TotalReturn=31.12 | AgentReturns=[A1:0.83, A2:5.00, A3:12.45, A4:12.85] | Epsilon=0.209
2026-04-14 21:04:47,110 - madqn - DEBUG - train_madqn.py:93 - Iter 4 Ep 18 | TotalReturn=24.12 | AgentReturns=[A1:-2.36, A2:3.28, A3:11.20, A4:12.00] | Epsilon=0.199
2026-04-14 21:04:49,924 - madqn - DEBUG - train_madqn.py:93 - Iter 4 Ep 19 | TotalReturn=35.89 | AgentReturns=[A1:3.77, A2:7.25, A3:12.18, A4:12.69] | Epsilon=0.189
2026-04-14 21:04:53,682 - madqn - DEBUG - train_madqn.py:93 - Iter 4 Ep 20 | TotalReturn=39.75 | AgentReturns=[A1:4.67, A2:8.50, A3:13.56, A4:13.03] | Epsilon=0.179
2026-04-14 21:04:55,723 - madqn - DEBUG - train_madqn.py:93 - Iter 4 Ep 21 | TotalReturn=37.18 | AgentReturns=[A1:7.14, A2:5.44, A3:12.60, A4:12.00] | Epsilon=0.170
2026-04-14 21:04:57,780 - madqn - DEBUG - train_madqn.py:93 - Iter 4 Ep 22 | TotalReturn=39.15 | AgentReturns=[A1:10.32, A2:4.80, A3:11.63, A4:12.40] | Epsilon=0.162
2026-04-14 21:05:00,673 - madqn - DEBUG - train_madqn.py:93 - Iter 4 Ep 23 | TotalReturn=48.10 | AgentReturns=[A1:12.47, A2:8.73, A3:13.87, A4:13.03] | Epsilon=0.154
2026-04-14 21:05:03,584 - madqn - DEBUG - train_madqn.py:93 - Iter 4 Ep 24 | TotalReturn=36.85 | AgentReturns=[A1:4.00, A2:10.22, A3:10.20, A4:12.43] | Epsilon=0.146
2026-04-14 21:05:06,371 - madqn - DEBUG - train_madqn.py:93 - Iter 4 Ep 25 | TotalReturn=41.46 | AgentReturns=[A1:9.56, A2:9.21, A3:13.08, A4:9.61] | Epsilon=0.139
2026-04-14 21:05:08,509 - madqn - DEBUG - train_madqn.py:93 - Iter 4 Ep 26 | TotalReturn=40.29 | AgentReturns=[A1:8.58, A2:8.05, A3:11.75, A4:11.92] | Epsilon=0.132
2026-04-14 21:05:10,683 - madqn - DEBUG - train_madqn.py:93 - Iter 4 Ep 27 | TotalReturn=47.30 | AgentReturns=[A1:12.25, A2:10.80, A3:12.21, A4:12.04] | Epsilon=0.125
2026-04-14 21:05:12,844 - madqn - DEBUG - train_madqn.py:93 - Iter 4 Ep 28 | TotalReturn=44.24 | AgentReturns=[A1:9.91, A2:8.95, A3:12.56, A4:12.81] | Epsilon=0.119
2026-04-14 21:05:14,757 - madqn - DEBUG - train_madqn.py:93 - Iter 4 Ep 29 | TotalReturn=48.69 | AgentReturns=[A1:11.71, A2:11.17, A3:13.57, A4:12.23] | Epsilon=0.113
2026-04-14 21:05:16,617 - madqn - DEBUG - train_madqn.py:93 - Iter 4 Ep 30 | TotalReturn=52.33 | AgentReturns=[A1:15.19, A2:9.71, A3:14.40, A4:13.03] | Epsilon=0.107
2026-04-14 21:05:18,713 - madqn - DEBUG - train_madqn.py:93 - Iter 4 Ep 31 | TotalReturn=50.34 | AgentReturns=[A1:12.25, A2:11.91, A3:13.32, A4:12.86] | Epsilon=0.102
2026-04-14 21:05:22,096 - madqn - DEBUG - train_madqn.py:93 - Iter 4 Ep 32 | TotalReturn=48.50 | AgentReturns=[A1:12.79, A2:9.06, A3:14.39, A4:12.26] | Epsilon=0.100
2026-04-14 21:05:24,446 - madqn - DEBUG - train_madqn.py:93 - Iter 4 Ep 33 | TotalReturn=49.15 | AgentReturns=[A1:15.29, A2:6.54, A3:14.30, A4:13.03] | Epsilon=0.100
2026-04-14 21:05:26,272 - madqn - DEBUG - train_madqn.py:93 - Iter 4 Ep 34 | TotalReturn=48.58 | AgentReturns=[A1:13.87, A2:9.77, A3:11.90, A4:13.03] | Epsilon=0.100
2026-04-14 21:05:28,027 - madqn - DEBUG - train_madqn.py:93 - Iter 4 Ep 35 | TotalReturn=54.43 | AgentReturns=[A1:17.22, A2:11.42, A3:13.57, A4:12.23] | Epsilon=0.100
2026-04-14 21:05:29,921 - madqn - DEBUG - train_madqn.py:93 - Iter 4 Ep 36 | TotalReturn=47.34 | AgentReturns=[A1:12.82, A2:10.29, A3:11.81, A4:12.43] | Epsilon=0.100
2026-04-14 21:05:31,879 - madqn - DEBUG - train_madqn.py:93 - Iter 4 Ep 37 | TotalReturn=48.54 | AgentReturns=[A1:13.55, A2:10.46, A3:14.07, A4:10.46] | Epsilon=0.100
2026-04-14 21:05:34,309 - madqn - DEBUG - train_madqn.py:93 - Iter 4 Ep 38 | TotalReturn=44.00 | AgentReturns=[A1:5.59, A2:11.94, A3:13.63, A4:12.84] | Epsilon=0.100
2026-04-14 21:05:36,163 - madqn - DEBUG - train_madqn.py:93 - Iter 4 Ep 39 | TotalReturn=46.97 | AgentReturns=[A1:12.59, A2:10.47, A3:11.48, A4:12.43] | Epsilon=0.100
2026-04-14 21:05:38,529 - madqn - DEBUG - train_madqn.py:93 - Iter 4 Ep 40 | TotalReturn=53.74 | AgentReturns=[A1:17.07, A2:10.81, A3:13.43, A4:12.43] | Epsilon=0.100
2026-04-14 21:05:40,392 - madqn - DEBUG - train_madqn.py:93 - Iter 4 Ep 41 | TotalReturn=48.65 | AgentReturns=[A1:11.18, A2:11.56, A3:13.51, A4:12.40] | Epsilon=0.100
2026-04-14 21:05:42,291 - madqn - DEBUG - train_madqn.py:93 - Iter 4 Ep 42 | TotalReturn=43.69 | AgentReturns=[A1:6.05, A2:10.44, A3:14.00, A4:13.20] | Epsilon=0.100
2026-04-14 21:05:44,233 - madqn - DEBUG - train_madqn.py:93 - Iter 4 Ep 43 | TotalReturn=50.12 | AgentReturns=[A1:13.37, A2:10.80, A3:13.54, A4:12.41] | Epsilon=0.100
2026-04-14 21:05:46,252 - madqn - DEBUG - train_madqn.py:93 - Iter 4 Ep 44 | TotalReturn=55.03 | AgentReturns=[A1:17.54, A2:10.98, A3:14.02, A4:12.48] | Epsilon=0.100
2026-04-14 21:05:48,355 - madqn - DEBUG - train_madqn.py:93 - Iter 4 Ep 45 | TotalReturn=47.34 | AgentReturns=[A1:15.49, A2:8.56, A3:11.53, A4:11.77] | Epsilon=0.100
2026-04-14 21:05:50,838 - madqn - DEBUG - train_madqn.py:93 - Iter 4 Ep 46 | TotalReturn=49.32 | AgentReturns=[A1:12.05, A2:10.99, A3:14.23, A4:12.05] | Epsilon=0.100
2026-04-14 21:05:52,804 - madqn - DEBUG - train_madqn.py:93 - Iter 4 Ep 47 | TotalReturn=53.16 | AgentReturns=[A1:15.92, A2:11.62, A3:14.16, A4:11.46] | Epsilon=0.100
2026-04-14 21:05:55,345 - madqn - DEBUG - train_madqn.py:93 - Iter 4 Ep 48 | TotalReturn=47.12 | AgentReturns=[A1:12.84, A2:7.70, A3:14.16, A4:12.42] | Epsilon=0.100
2026-04-14 21:05:57,484 - madqn - DEBUG - train_madqn.py:93 - Iter 4 Ep 49 | TotalReturn=49.66 | AgentReturns=[A1:12.96, A2:10.84, A3:13.60, A4:12.26] | Epsilon=0.100
2026-04-14 21:05:59,333 - madqn - DEBUG - train_madqn.py:93 - Iter 4 Ep 50 | TotalReturn=47.75 | AgentReturns=[A1:12.30, A2:8.45, A3:13.80, A4:13.20] | Epsilon=0.100
2026-04-14 21:05:59,334 - madqn - INFO - train_madqn.py:38 - ---------- Iteration 5/5 开始 ----------
2026-04-14 21:06:03,287 - madqn - DEBUG - train_madqn.py:93 - Iter 5 Ep 1 | TotalReturn=-34.09 | AgentReturns=[A1:-39.94, A2:0.26, A3:9.60, A4:-4.01] | Epsilon=0.475
2026-04-14 21:06:06,530 - madqn - DEBUG - train_madqn.py:93 - Iter 5 Ep 2 | TotalReturn=1.44 | AgentReturns=[A1:-18.22, A2:1.19, A3:11.44, A4:7.02] | Epsilon=0.451
2026-04-14 21:06:11,512 - madqn - DEBUG - train_madqn.py:93 - Iter 5 Ep 3 | TotalReturn=-7.81 | AgentReturns=[A1:-29.43, A2:0.75, A3:11.02, A4:9.85] | Epsilon=0.429
2026-04-14 21:06:14,951 - madqn - DEBUG - train_madqn.py:93 - Iter 5 Ep 4 | TotalReturn=4.94 | AgentReturns=[A1:-13.77, A2:1.64, A3:6.40, A4:10.68] | Epsilon=0.407
2026-04-14 21:06:19,219 - madqn - DEBUG - train_madqn.py:93 - Iter 5 Ep 5 | TotalReturn=-5.48 | AgentReturns=[A1:-15.61, A2:2.73, A3:1.90, A4:5.51] | Epsilon=0.387
2026-04-14 21:06:21,698 - madqn - DEBUG - train_madqn.py:93 - Iter 5 Ep 6 | TotalReturn=19.78 | AgentReturns=[A1:-7.52, A2:5.59, A3:12.08, A4:9.63] | Epsilon=0.368
2026-04-14 21:06:24,733 - madqn - DEBUG - train_madqn.py:93 - Iter 5 Ep 7 | TotalReturn=19.48 | AgentReturns=[A1:-11.45, A2:9.69, A3:12.42, A4:8.82] | Epsilon=0.349
2026-04-14 21:06:27,377 - madqn - DEBUG - train_madqn.py:93 - Iter 5 Ep 8 | TotalReturn=15.76 | AgentReturns=[A1:-15.07, A2:6.79, A3:13.43, A4:10.60] | Epsilon=0.332
2026-04-14 21:06:29,636 - madqn - DEBUG - train_madqn.py:93 - Iter 5 Ep 9 | TotalReturn=34.10 | AgentReturns=[A1:7.20, A2:4.04, A3:12.34, A4:10.52] | Epsilon=0.315
2026-04-14 21:06:32,395 - madqn - DEBUG - train_madqn.py:93 - Iter 5 Ep 10 | TotalReturn=20.74 | AgentReturns=[A1:-4.67, A2:5.58, A3:9.61, A4:10.23] | Epsilon=0.299
2026-04-14 21:06:34,963 - madqn - DEBUG - train_madqn.py:93 - Iter 5 Ep 11 | TotalReturn=20.12 | AgentReturns=[A1:-7.20, A2:6.97, A3:10.72, A4:9.63] | Epsilon=0.284
2026-04-14 21:06:37,231 - madqn - DEBUG - train_madqn.py:93 - Iter 5 Ep 12 | TotalReturn=32.57 | AgentReturns=[A1:2.49, A2:4.52, A3:12.53, A4:13.03] | Epsilon=0.270
2026-04-14 21:06:39,774 - madqn - DEBUG - train_madqn.py:93 - Iter 5 Ep 13 | TotalReturn=24.25 | AgentReturns=[A1:-7.47, A2:5.51, A3:13.40, A4:12.82] | Epsilon=0.257
2026-04-14 21:06:41,940 - madqn - DEBUG - train_madqn.py:93 - Iter 5 Ep 14 | TotalReturn=31.80 | AgentReturns=[A1:-1.56, A2:10.18, A3:12.14, A4:11.04] | Epsilon=0.244
2026-04-14 21:06:44,493 - madqn - DEBUG - train_madqn.py:93 - Iter 5 Ep 15 | TotalReturn=20.74 | AgentReturns=[A1:-3.57, A2:5.40, A3:9.84, A4:9.07] | Epsilon=0.232
2026-04-14 21:06:47,535 - madqn - DEBUG - train_madqn.py:93 - Iter 5 Ep 16 | TotalReturn=36.35 | AgentReturns=[A1:4.76, A2:7.39, A3:13.00, A4:11.20] | Epsilon=0.220
2026-04-14 21:06:50,104 - madqn - DEBUG - train_madqn.py:93 - Iter 5 Ep 17 | TotalReturn=41.06 | AgentReturns=[A1:6.19, A2:8.80, A3:13.03, A4:13.03] | Epsilon=0.209
2026-04-14 21:06:52,082 - madqn - DEBUG - train_madqn.py:93 - Iter 5 Ep 18 | TotalReturn=33.27 | AgentReturns=[A1:5.30, A2:5.43, A3:9.69, A4:12.86] | Epsilon=0.199
2026-04-14 21:06:54,663 - madqn - DEBUG - train_madqn.py:93 - Iter 5 Ep 19 | TotalReturn=35.10 | AgentReturns=[A1:1.82, A2:8.65, A3:12.83, A4:11.81] | Epsilon=0.189
2026-04-14 21:06:56,994 - madqn - DEBUG - train_madqn.py:93 - Iter 5 Ep 20 | TotalReturn=35.68 | AgentReturns=[A1:7.18, A2:5.82, A3:10.28, A4:12.40] | Epsilon=0.179
2026-04-14 21:06:59,331 - madqn - DEBUG - train_madqn.py:93 - Iter 5 Ep 21 | TotalReturn=39.40 | AgentReturns=[A1:8.76, A2:7.01, A3:12.67, A4:10.96] | Epsilon=0.170
2026-04-14 21:07:01,479 - madqn - DEBUG - train_madqn.py:93 - Iter 5 Ep 22 | TotalReturn=42.49 | AgentReturns=[A1:13.95, A2:6.68, A3:11.43, A4:10.44] | Epsilon=0.162
2026-04-14 21:07:03,399 - madqn - DEBUG - train_madqn.py:93 - Iter 5 Ep 23 | TotalReturn=44.06 | AgentReturns=[A1:11.99, A2:8.43, A3:11.82, A4:11.82] | Epsilon=0.154
2026-04-14 21:07:05,302 - madqn - DEBUG - train_madqn.py:93 - Iter 5 Ep 24 | TotalReturn=41.89 | AgentReturns=[A1:6.72, A2:10.20, A3:13.60, A4:11.37] | Epsilon=0.146
2026-04-14 21:07:07,293 - madqn - DEBUG - train_madqn.py:93 - Iter 5 Ep 25 | TotalReturn=39.84 | AgentReturns=[A1:4.19, A2:10.56, A3:13.83, A4:11.26] | Epsilon=0.139
2026-04-14 21:07:09,167 - madqn - DEBUG - train_madqn.py:93 - Iter 5 Ep 26 | TotalReturn=43.36 | AgentReturns=[A1:11.33, A2:9.34, A3:11.40, A4:11.29] | Epsilon=0.132
2026-04-14 21:07:10,965 - madqn - DEBUG - train_madqn.py:93 - Iter 5 Ep 27 | TotalReturn=46.11 | AgentReturns=[A1:10.13, A2:8.65, A3:14.30, A4:13.03] | Epsilon=0.125
2026-04-14 21:07:13,112 - madqn - DEBUG - train_madqn.py:93 - Iter 5 Ep 28 | TotalReturn=43.20 | AgentReturns=[A1:8.44, A2:8.56, A3:13.00, A4:13.20] | Epsilon=0.119
2026-04-14 21:07:16,057 - madqn - DEBUG - train_madqn.py:93 - Iter 5 Ep 29 | TotalReturn=52.05 | AgentReturns=[A1:14.33, A2:11.43, A3:14.03, A4:12.26] | Epsilon=0.113
2026-04-14 21:07:18,425 - madqn - DEBUG - train_madqn.py:93 - Iter 5 Ep 30 | TotalReturn=48.65 | AgentReturns=[A1:11.71, A2:11.33, A3:13.18, A4:12.43] | Epsilon=0.107
2026-04-14 21:07:20,870 - madqn - DEBUG - train_madqn.py:93 - Iter 5 Ep 31 | TotalReturn=51.72 | AgentReturns=[A1:15.07, A2:10.51, A3:13.87, A4:12.26] | Epsilon=0.102
2026-04-14 21:07:24,073 - madqn - DEBUG - train_madqn.py:93 - Iter 5 Ep 32 | TotalReturn=46.89 | AgentReturns=[A1:12.45, A2:9.19, A3:12.04, A4:13.20] | Epsilon=0.100
2026-04-14 21:07:25,811 - madqn - DEBUG - train_madqn.py:93 - Iter 5 Ep 33 | TotalReturn=46.66 | AgentReturns=[A1:10.49, A2:9.39, A3:14.11, A4:12.67] | Epsilon=0.100
2026-04-14 21:07:28,066 - madqn - DEBUG - train_madqn.py:93 - Iter 5 Ep 34 | TotalReturn=44.85 | AgentReturns=[A1:9.81, A2:10.19, A3:12.62, A4:12.23] | Epsilon=0.100
2026-04-14 21:07:29,979 - madqn - DEBUG - train_madqn.py:93 - Iter 5 Ep 35 | TotalReturn=43.43 | AgentReturns=[A1:11.00, A2:7.22, A3:12.80, A4:12.41] | Epsilon=0.100
2026-04-14 21:07:32,117 - madqn - DEBUG - train_madqn.py:93 - Iter 5 Ep 36 | TotalReturn=47.02 | AgentReturns=[A1:16.51, A2:5.48, A3:12.80, A4:12.23] | Epsilon=0.100
2026-04-14 21:07:34,213 - madqn - DEBUG - train_madqn.py:93 - Iter 5 Ep 37 | TotalReturn=49.83 | AgentReturns=[A1:13.62, A2:10.44, A3:12.91, A4:12.86] | Epsilon=0.100
2026-04-14 21:07:36,127 - madqn - DEBUG - train_madqn.py:93 - Iter 5 Ep 38 | TotalReturn=50.59 | AgentReturns=[A1:13.66, A2:10.94, A3:13.40, A4:12.59] | Epsilon=0.100
2026-04-14 21:07:38,363 - madqn - DEBUG - train_madqn.py:93 - Iter 5 Ep 39 | TotalReturn=50.48 | AgentReturns=[A1:15.31, A2:10.10, A3:12.22, A4:12.85] | Epsilon=0.100
2026-04-14 21:07:40,578 - madqn - DEBUG - train_madqn.py:93 - Iter 5 Ep 40 | TotalReturn=45.69 | AgentReturns=[A1:9.67, A2:11.53, A3:12.22, A4:12.26] | Epsilon=0.100
2026-04-14 21:07:42,153 - madqn - DEBUG - train_madqn.py:93 - Iter 5 Ep 41 | TotalReturn=54.02 | AgentReturns=[A1:16.12, A2:11.59, A3:14.05, A4:12.26] | Epsilon=0.100
2026-04-14 21:07:44,578 - madqn - DEBUG - train_madqn.py:93 - Iter 5 Ep 42 | TotalReturn=45.13 | AgentReturns=[A1:11.35, A2:9.34, A3:12.51, A4:11.92] | Epsilon=0.100
2026-04-14 21:07:46,245 - madqn - DEBUG - train_madqn.py:93 - Iter 5 Ep 43 | TotalReturn=49.21 | AgentReturns=[A1:14.25, A2:8.81, A3:13.12, A4:13.03] | Epsilon=0.100
2026-04-14 21:07:48,092 - madqn - DEBUG - train_madqn.py:93 - Iter 5 Ep 44 | TotalReturn=49.63 | AgentReturns=[A1:14.45, A2:9.15, A3:12.83, A4:13.20] | Epsilon=0.100
2026-04-14 21:07:49,844 - madqn - DEBUG - train_madqn.py:93 - Iter 5 Ep 45 | TotalReturn=45.25 | AgentReturns=[A1:14.01, A2:7.54, A3:12.50, A4:11.20] | Epsilon=0.100
2026-04-14 21:07:51,646 - madqn - DEBUG - train_madqn.py:93 - Iter 5 Ep 46 | TotalReturn=46.39 | AgentReturns=[A1:9.26, A2:11.08, A3:14.23, A4:11.83] | Epsilon=0.100
2026-04-14 21:07:54,389 - madqn - DEBUG - train_madqn.py:93 - Iter 5 Ep 47 | TotalReturn=43.51 | AgentReturns=[A1:11.81, A2:7.40, A3:13.12, A4:11.18] | Epsilon=0.100
2026-04-14 21:07:57,349 - madqn - DEBUG - train_madqn.py:93 - Iter 5 Ep 48 | TotalReturn=47.74 | AgentReturns=[A1:10.93, A2:9.20, A3:14.40, A4:13.20] | Epsilon=0.100
2026-04-14 21:07:59,758 - madqn - DEBUG - train_madqn.py:93 - Iter 5 Ep 49 | TotalReturn=51.79 | AgentReturns=[A1:15.85, A2:11.04, A3:13.43, A4:11.46] | Epsilon=0.100
2026-04-14 21:08:02,029 - madqn - DEBUG - train_madqn.py:93 - Iter 5 Ep 50 | TotalReturn=47.50 | AgentReturns=[A1:14.33, A2:7.73, A3:12.23, A4:13.20] | Epsilon=0.100
2026-04-14 21:08:02,031 - madqn - INFO - train_madqn.py:100 - MADQN 训练结束  总episode数=250  平均Return=33.19  最后10ep平均Return=48.02
