2026-02-21 16:07:05,190 - madqn - INFO - train.py:64 - 
2026-02-21 16:07:05,190 - madqn - INFO - train.py:65 - ################################################################################
2026-02-21 16:07:05,190 - madqn - INFO - train.py:66 - #                          MADQN 训练开始                                       #
2026-02-21 16:07:05,190 - madqn - INFO - train.py:67 - ################################################################################
2026-02-21 16:07:05,190 - madqn - INFO - train.py:68 - 训练参数: iteration=5, num_episodes=50, episode_length=5000, num_agents=1, lr=0.001, gamma=0.99, epsilon=0.5, epsilon_min=0.1, epsilon_decay=0.95, mini_batch_size=64, update_freq=10, device=cpu
2026-02-21 16:07:05,196 - madqn - INFO - train.py:83 - ---------- Iteration 1/5 开始 ----------
2026-02-21 16:07:05,640 - madqn - DEBUG - train.py:146 - Iter 1 Ep 1 | TotalReturn=-81.00 | AgentReturns=[A1:-81.00] | AvgBER=0.0000 [A1:0.0000] | Epsilon=0.475
2026-02-21 16:07:06,314 - madqn - DEBUG - train.py:146 - Iter 1 Ep 2 | TotalReturn=-67.00 | AgentReturns=[A1:-67.00] | AvgBER=0.0000 [A1:0.0000] | Epsilon=0.451
2026-02-21 16:07:06,747 - madqn - DEBUG - train.py:146 - Iter 1 Ep 3 | TotalReturn=-27.00 | AgentReturns=[A1:-27.00] | AvgBER=0.0000 [A1:0.0000] | Epsilon=0.429
2026-02-21 16:07:07,038 - madqn - DEBUG - train.py:146 - Iter 1 Ep 4 | TotalReturn=-10.00 | AgentReturns=[A1:-10.00] | AvgBER=0.0000 [A1:0.0000] | Epsilon=0.407
2026-02-21 16:07:07,508 - madqn - DEBUG - train.py:146 - Iter 1 Ep 5 | TotalReturn=-24.00 | AgentReturns=[A1:-24.00] | AvgBER=0.0000 [A1:0.0000] | Epsilon=0.387
2026-02-21 16:07:07,798 - madqn - DEBUG - train.py:146 - Iter 1 Ep 6 | TotalReturn=-11.00 | AgentReturns=[A1:-11.00] | AvgBER=0.0000 [A1:0.0000] | Epsilon=0.368
2026-02-21 16:07:08,074 - madqn - DEBUG - train.py:146 - Iter 1 Ep 7 | TotalReturn=-9.00 | AgentReturns=[A1:-9.00] | AvgBER=0.0000 [A1:0.0000] | Epsilon=0.349
2026-02-21 16:07:08,320 - madqn - DEBUG - train.py:146 - Iter 1 Ep 8 | TotalReturn=-3.00 | AgentReturns=[A1:-3.00] | AvgBER=0.0000 [A1:0.0000] | Epsilon=0.332
2026-02-21 16:07:08,608 - madqn - DEBUG - train.py:146 - Iter 1 Ep 9 | TotalReturn=-7.00 | AgentReturns=[A1:-7.00] | AvgBER=0.0000 [A1:0.0000] | Epsilon=0.315
2026-02-21 16:07:08,862 - madqn - DEBUG - train.py:146 - Iter 1 Ep 10 | TotalReturn=-4.00 | AgentReturns=[A1:-4.00] | AvgBER=0.0000 [A1:0.0000] | Epsilon=0.299
2026-02-21 16:07:09,118 - madqn - DEBUG - train.py:146 - Iter 1 Ep 11 | TotalReturn=-5.00 | AgentReturns=[A1:-5.00] | AvgBER=0.0000 [A1:0.0000] | Epsilon=0.284
2026-02-21 16:07:09,358 - madqn - DEBUG - train.py:146 - Iter 1 Ep 12 | TotalReturn=-4.00 | AgentReturns=[A1:-4.00] | AvgBER=0.0000 [A1:0.0000] | Epsilon=0.270
2026-02-21 16:07:09,541 - madqn - DEBUG - train.py:146 - Iter 1 Ep 13 | TotalReturn=6.00 | AgentReturns=[A1:6.00] | AvgBER=0.0000 [A1:0.0000] | Epsilon=0.257
2026-02-21 16:07:09,757 - madqn - DEBUG - train.py:146 - Iter 1 Ep 14 | TotalReturn=0.00 | AgentReturns=[A1:0.00] | AvgBER=0.0000 [A1:0.0000] | Epsilon=0.244
2026-02-21 16:07:09,980 - madqn - DEBUG - train.py:146 - Iter 1 Ep 15 | TotalReturn=2.00 | AgentReturns=[A1:2.00] | AvgBER=0.0000 [A1:0.0000] | Epsilon=0.232
2026-02-21 16:07:10,198 - madqn - DEBUG - train.py:146 - Iter 1 Ep 16 | TotalReturn=6.00 | AgentReturns=[A1:6.00] | AvgBER=0.0000 [A1:0.0000] | Epsilon=0.220
2026-02-21 16:07:10,450 - madqn - DEBUG - train.py:146 - Iter 1 Ep 17 | TotalReturn=-1.00 | AgentReturns=[A1:-1.00] | AvgBER=0.0000 [A1:0.0000] | Epsilon=0.209
2026-02-21 16:07:10,686 - madqn - DEBUG - train.py:146 - Iter 1 Ep 18 | TotalReturn=2.00 | AgentReturns=[A1:2.00] | AvgBER=0.0000 [A1:0.0000] | Epsilon=0.199
2026-02-21 16:07:10,866 - madqn - DEBUG - train.py:146 - Iter 1 Ep 19 | TotalReturn=7.00 | AgentReturns=[A1:7.00] | AvgBER=0.0000 [A1:0.0000] | Epsilon=0.189
2026-02-21 16:07:11,073 - madqn - DEBUG - train.py:146 - Iter 1 Ep 20 | TotalReturn=5.00 | AgentReturns=[A1:5.00] | AvgBER=0.0000 [A1:0.0000] | Epsilon=0.179
2026-02-21 16:07:11,268 - madqn - DEBUG - train.py:146 - Iter 1 Ep 21 | TotalReturn=4.00 | AgentReturns=[A1:4.00] | AvgBER=0.0000 [A1:0.0000] | Epsilon=0.170
2026-02-21 16:07:11,479 - madqn - DEBUG - train.py:146 - Iter 1 Ep 22 | TotalReturn=3.00 | AgentReturns=[A1:3.00] | AvgBER=0.0000 [A1:0.0000] | Epsilon=0.162
2026-02-21 16:07:11,676 - madqn - DEBUG - train.py:146 - Iter 1 Ep 23 | TotalReturn=4.00 | AgentReturns=[A1:4.00] | AvgBER=0.0000 [A1:0.0000] | Epsilon=0.154
2026-02-21 16:07:11,840 - madqn - DEBUG - train.py:146 - Iter 1 Ep 24 | TotalReturn=8.00 | AgentReturns=[A1:8.00] | AvgBER=0.0000 [A1:0.0000] | Epsilon=0.146
2026-02-21 16:07:11,996 - madqn - DEBUG - train.py:146 - Iter 1 Ep 25 | TotalReturn=9.00 | AgentReturns=[A1:9.00] | AvgBER=0.0000 [A1:0.0000] | Epsilon=0.139
2026-02-21 16:07:12,151 - madqn - DEBUG - train.py:146 - Iter 1 Ep 26 | TotalReturn=10.00 | AgentReturns=[A1:10.00] | AvgBER=0.0000 [A1:0.0000] | Epsilon=0.132
2026-02-21 16:07:12,331 - madqn - DEBUG - train.py:146 - Iter 1 Ep 27 | TotalReturn=4.00 | AgentReturns=[A1:4.00] | AvgBER=0.0000 [A1:0.0000] | Epsilon=0.125
2026-02-21 16:07:12,503 - madqn - DEBUG - train.py:146 - Iter 1 Ep 28 | TotalReturn=7.00 | AgentReturns=[A1:7.00] | AvgBER=0.0000 [A1:0.0000] | Epsilon=0.119
2026-02-21 16:07:12,668 - madqn - DEBUG - train.py:146 - Iter 1 Ep 29 | TotalReturn=8.00 | AgentReturns=[A1:8.00] | AvgBER=0.0000 [A1:0.0000] | Epsilon=0.113
2026-02-21 16:07:12,819 - madqn - DEBUG - train.py:146 - Iter 1 Ep 30 | TotalReturn=10.00 | AgentReturns=[A1:10.00] | AvgBER=0.0000 [A1:0.0000] | Epsilon=0.107
2026-02-21 16:07:12,983 - madqn - DEBUG - train.py:146 - Iter 1 Ep 31 | TotalReturn=9.00 | AgentReturns=[A1:9.00] | AvgBER=0.0000 [A1:0.0000] | Epsilon=0.102
2026-02-21 16:07:13,148 - madqn - DEBUG - train.py:146 - Iter 1 Ep 32 | TotalReturn=9.00 | AgentReturns=[A1:9.00] | AvgBER=0.0000 [A1:0.0000] | Epsilon=0.100
2026-02-21 16:07:13,319 - madqn - DEBUG - train.py:146 - Iter 1 Ep 33 | TotalReturn=8.00 | AgentReturns=[A1:8.00] | AvgBER=0.0000 [A1:0.0000] | Epsilon=0.100
2026-02-21 16:07:13,492 - madqn - DEBUG - train.py:146 - Iter 1 Ep 34 | TotalReturn=7.00 | AgentReturns=[A1:7.00] | AvgBER=0.0000 [A1:0.0000] | Epsilon=0.100
2026-02-21 16:07:13,645 - madqn - DEBUG - train.py:146 - Iter 1 Ep 35 | TotalReturn=11.00 | AgentReturns=[A1:11.00] | AvgBER=0.0000 [A1:0.0000] | Epsilon=0.100
2026-02-21 16:07:13,798 - madqn - DEBUG - train.py:146 - Iter 1 Ep 36 | TotalReturn=10.00 | AgentReturns=[A1:10.00] | AvgBER=0.0000 [A1:0.0000] | Epsilon=0.100
2026-02-21 16:07:13,964 - madqn - DEBUG - train.py:146 - Iter 1 Ep 37 | TotalReturn=8.00 | AgentReturns=[A1:8.00] | AvgBER=0.0000 [A1:0.0000] | Epsilon=0.100
2026-02-21 16:07:14,121 - madqn - DEBUG - train.py:146 - Iter 1 Ep 38 | TotalReturn=10.00 | AgentReturns=[A1:10.00] | AvgBER=0.0000 [A1:0.0000] | Epsilon=0.100
2026-02-21 16:07:14,298 - madqn - DEBUG - train.py:146 - Iter 1 Ep 39 | TotalReturn=6.00 | AgentReturns=[A1:6.00] | AvgBER=0.0000 [A1:0.0000] | Epsilon=0.100
2026-02-21 16:07:14,481 - madqn - DEBUG - train.py:146 - Iter 1 Ep 40 | TotalReturn=8.00 | AgentReturns=[A1:8.00] | AvgBER=0.0000 [A1:0.0000] | Epsilon=0.100
2026-02-21 16:07:14,650 - madqn - DEBUG - train.py:146 - Iter 1 Ep 41 | TotalReturn=8.00 | AgentReturns=[A1:8.00] | AvgBER=0.0000 [A1:0.0000] | Epsilon=0.100
2026-02-21 16:07:14,806 - madqn - DEBUG - train.py:146 - Iter 1 Ep 42 | TotalReturn=10.00 | AgentReturns=[A1:10.00] | AvgBER=0.0000 [A1:0.0000] | Epsilon=0.100
2026-02-21 16:07:14,974 - madqn - DEBUG - train.py:146 - Iter 1 Ep 43 | TotalReturn=9.00 | AgentReturns=[A1:9.00] | AvgBER=0.0000 [A1:0.0000] | Epsilon=0.100
2026-02-21 16:07:15,140 - madqn - DEBUG - train.py:146 - Iter 1 Ep 44 | TotalReturn=9.00 | AgentReturns=[A1:9.00] | AvgBER=0.0000 [A1:0.0000] | Epsilon=0.100
2026-02-21 16:07:15,312 - madqn - DEBUG - train.py:146 - Iter 1 Ep 45 | TotalReturn=9.00 | AgentReturns=[A1:9.00] | AvgBER=0.0000 [A1:0.0000] | Epsilon=0.100
2026-02-21 16:07:15,494 - madqn - DEBUG - train.py:146 - Iter 1 Ep 46 | TotalReturn=7.00 | AgentReturns=[A1:7.00] | AvgBER=0.0000 [A1:0.0000] | Epsilon=0.100
2026-02-21 16:07:15,692 - madqn - DEBUG - train.py:146 - Iter 1 Ep 47 | TotalReturn=5.00 | AgentReturns=[A1:5.00] | AvgBER=0.0000 [A1:0.0000] | Epsilon=0.100
2026-02-21 16:07:15,882 - madqn - DEBUG - train.py:146 - Iter 1 Ep 48 | TotalReturn=7.00 | AgentReturns=[A1:7.00] | AvgBER=0.0000 [A1:0.0000] | Epsilon=0.100
2026-02-21 16:07:16,064 - madqn - DEBUG - train.py:146 - Iter 1 Ep 49 | TotalReturn=8.00 | AgentReturns=[A1:8.00] | AvgBER=0.0000 [A1:0.0000] | Epsilon=0.100
2026-02-21 16:07:16,254 - madqn - DEBUG - train.py:146 - Iter 1 Ep 50 | TotalReturn=3.00 | AgentReturns=[A1:3.00] | AvgBER=0.0000 [A1:0.0000] | Epsilon=0.100
2026-02-21 16:07:16,254 - madqn - INFO - train.py:83 - ---------- Iteration 2/5 开始 ----------
2026-02-21 16:07:16,631 - madqn - DEBUG - train.py:146 - Iter 2 Ep 1 | TotalReturn=-25.00 | AgentReturns=[A1:-25.00] | AvgBER=0.0000 [A1:0.0000] | Epsilon=0.475
2026-02-21 16:07:17,044 - madqn - DEBUG - train.py:146 - Iter 2 Ep 2 | TotalReturn=-30.00 | AgentReturns=[A1:-30.00] | AvgBER=0.0000 [A1:0.0000] | Epsilon=0.451
2026-02-21 16:07:17,339 - madqn - DEBUG - train.py:146 - Iter 2 Ep 3 | TotalReturn=-11.00 | AgentReturns=[A1:-11.00] | AvgBER=0.0000 [A1:0.0000] | Epsilon=0.429
2026-02-21 16:07:17,701 - madqn - DEBUG - train.py:146 - Iter 2 Ep 4 | TotalReturn=-22.00 | AgentReturns=[A1:-22.00] | AvgBER=0.0000 [A1:0.0000] | Epsilon=0.407
2026-02-21 16:07:18,001 - madqn - DEBUG - train.py:146 - Iter 2 Ep 5 | TotalReturn=-12.00 | AgentReturns=[A1:-12.00] | AvgBER=0.0000 [A1:0.0000] | Epsilon=0.387
2026-02-21 16:07:18,187 - madqn - DEBUG - train.py:146 - Iter 2 Ep 6 | TotalReturn=5.00 | AgentReturns=[A1:5.00] | AvgBER=0.0000 [A1:0.0000] | Epsilon=0.368
2026-02-21 16:07:18,432 - madqn - DEBUG - train.py:146 - Iter 2 Ep 7 | TotalReturn=-2.00 | AgentReturns=[A1:-2.00] | AvgBER=0.0000 [A1:0.0000] | Epsilon=0.349
2026-02-21 16:07:18,637 - madqn - DEBUG - train.py:146 - Iter 2 Ep 8 | TotalReturn=3.00 | AgentReturns=[A1:3.00] | AvgBER=0.0000 [A1:0.0000] | Epsilon=0.332
2026-02-21 16:07:18,886 - madqn - DEBUG - train.py:146 - Iter 2 Ep 9 | TotalReturn=-4.00 | AgentReturns=[A1:-4.00] | AvgBER=0.0000 [A1:0.0000] | Epsilon=0.315
2026-02-21 16:07:19,121 - madqn - DEBUG - train.py:146 - Iter 2 Ep 10 | TotalReturn=-1.00 | AgentReturns=[A1:-1.00] | AvgBER=0.0000 [A1:0.0000] | Epsilon=0.299
2026-02-21 16:07:19,345 - madqn - DEBUG - train.py:146 - Iter 2 Ep 11 | TotalReturn=0.00 | AgentReturns=[A1:0.00] | AvgBER=0.0000 [A1:0.0000] | Epsilon=0.284
2026-02-21 16:07:19,540 - madqn - DEBUG - train.py:146 - Iter 2 Ep 12 | TotalReturn=5.00 | AgentReturns=[A1:5.00] | AvgBER=0.0000 [A1:0.0000] | Epsilon=0.270
2026-02-21 16:07:19,760 - madqn - DEBUG - train.py:146 - Iter 2 Ep 13 | TotalReturn=3.00 | AgentReturns=[A1:3.00] | AvgBER=0.0000 [A1:0.0000] | Epsilon=0.257
2026-02-21 16:07:20,002 - madqn - DEBUG - train.py:146 - Iter 2 Ep 14 | TotalReturn=-5.00 | AgentReturns=[A1:-5.00] | AvgBER=0.0000 [A1:0.0000] | Epsilon=0.244
2026-02-21 16:07:20,240 - madqn - DEBUG - train.py:146 - Iter 2 Ep 15 | TotalReturn=-2.00 | AgentReturns=[A1:-2.00] | AvgBER=0.0000 [A1:0.0000] | Epsilon=0.232
2026-02-21 16:07:20,439 - madqn - DEBUG - train.py:146 - Iter 2 Ep 16 | TotalReturn=3.00 | AgentReturns=[A1:3.00] | AvgBER=0.0000 [A1:0.0000] | Epsilon=0.220
2026-02-21 16:07:20,649 - madqn - DEBUG - train.py:146 - Iter 2 Ep 17 | TotalReturn=3.00 | AgentReturns=[A1:3.00] | AvgBER=0.0000 [A1:0.0000] | Epsilon=0.209
2026-02-21 16:07:20,837 - madqn - DEBUG - train.py:146 - Iter 2 Ep 18 | TotalReturn=5.00 | AgentReturns=[A1:5.00] | AvgBER=0.0000 [A1:0.0000] | Epsilon=0.199
2026-02-21 16:07:21,044 - madqn - DEBUG - train.py:146 - Iter 2 Ep 19 | TotalReturn=2.00 | AgentReturns=[A1:2.00] | AvgBER=0.0000 [A1:0.0000] | Epsilon=0.189
2026-02-21 16:07:21,238 - madqn - DEBUG - train.py:146 - Iter 2 Ep 20 | TotalReturn=8.00 | AgentReturns=[A1:8.00] | AvgBER=0.0000 [A1:0.0000] | Epsilon=0.179
2026-02-21 16:07:21,419 - madqn - DEBUG - train.py:146 - Iter 2 Ep 21 | TotalReturn=9.00 | AgentReturns=[A1:9.00] | AvgBER=0.0000 [A1:0.0000] | Epsilon=0.170
2026-02-21 16:07:21,587 - madqn - DEBUG - train.py:146 - Iter 2 Ep 22 | TotalReturn=10.00 | AgentReturns=[A1:10.00] | AvgBER=0.0000 [A1:0.0000] | Epsilon=0.162
2026-02-21 16:07:21,765 - madqn - DEBUG - train.py:146 - Iter 2 Ep 23 | TotalReturn=8.00 | AgentReturns=[A1:8.00] | AvgBER=0.0000 [A1:0.0000] | Epsilon=0.154
2026-02-21 16:07:21,934 - madqn - DEBUG - train.py:146 - Iter 2 Ep 24 | TotalReturn=9.00 | AgentReturns=[A1:9.00] | AvgBER=0.0000 [A1:0.0000] | Epsilon=0.146
2026-02-21 16:07:22,125 - madqn - DEBUG - train.py:146 - Iter 2 Ep 25 | TotalReturn=7.00 | AgentReturns=[A1:7.00] | AvgBER=0.0000 [A1:0.0000] | Epsilon=0.139
2026-02-21 16:07:22,304 - madqn - DEBUG - train.py:146 - Iter 2 Ep 26 | TotalReturn=7.00 | AgentReturns=[A1:7.00] | AvgBER=0.0000 [A1:0.0000] | Epsilon=0.132
2026-02-21 16:07:22,491 - madqn - DEBUG - train.py:146 - Iter 2 Ep 27 | TotalReturn=6.00 | AgentReturns=[A1:6.00] | AvgBER=0.0000 [A1:0.0000] | Epsilon=0.125
2026-02-21 16:07:22,680 - madqn - DEBUG - train.py:146 - Iter 2 Ep 28 | TotalReturn=3.00 | AgentReturns=[A1:3.00] | AvgBER=0.0000 [A1:0.0000] | Epsilon=0.119
2026-02-21 16:07:22,863 - madqn - DEBUG - train.py:146 - Iter 2 Ep 29 | TotalReturn=5.00 | AgentReturns=[A1:5.00] | AvgBER=0.0000 [A1:0.0000] | Epsilon=0.113
2026-02-21 16:07:23,034 - madqn - DEBUG - train.py:146 - Iter 2 Ep 30 | TotalReturn=8.00 | AgentReturns=[A1:8.00] | AvgBER=0.0000 [A1:0.0000] | Epsilon=0.107
2026-02-21 16:07:23,211 - madqn - DEBUG - train.py:146 - Iter 2 Ep 31 | TotalReturn=8.00 | AgentReturns=[A1:8.00] | AvgBER=0.0000 [A1:0.0000] | Epsilon=0.102
2026-02-21 16:07:23,392 - madqn - DEBUG - train.py:146 - Iter 2 Ep 32 | TotalReturn=9.00 | AgentReturns=[A1:9.00] | AvgBER=0.0000 [A1:0.0000] | Epsilon=0.100
2026-02-21 16:07:23,583 - madqn - DEBUG - train.py:146 - Iter 2 Ep 33 | TotalReturn=10.00 | AgentReturns=[A1:10.00] | AvgBER=0.0000 [A1:0.0000] | Epsilon=0.100
2026-02-21 16:07:23,743 - madqn - DEBUG - train.py:146 - Iter 2 Ep 34 | TotalReturn=9.00 | AgentReturns=[A1:9.00] | AvgBER=0.0000 [A1:0.0000] | Epsilon=0.100
2026-02-21 16:07:23,946 - madqn - DEBUG - train.py:146 - Iter 2 Ep 35 | TotalReturn=5.00 | AgentReturns=[A1:5.00] | AvgBER=0.0000 [A1:0.0000] | Epsilon=0.100
2026-02-21 16:07:24,108 - madqn - DEBUG - train.py:146 - Iter 2 Ep 36 | TotalReturn=10.00 | AgentReturns=[A1:10.00] | AvgBER=0.0000 [A1:0.0000] | Epsilon=0.100
2026-02-21 16:07:24,270 - madqn - DEBUG - train.py:146 - Iter 2 Ep 37 | TotalReturn=11.00 | AgentReturns=[A1:11.00] | AvgBER=0.0000 [A1:0.0000] | Epsilon=0.100
2026-02-21 16:07:24,433 - madqn - DEBUG - train.py:146 - Iter 2 Ep 38 | TotalReturn=10.00 | AgentReturns=[A1:10.00] | AvgBER=0.0000 [A1:0.0000] | Epsilon=0.100
2026-02-21 16:07:24,611 - madqn - DEBUG - train.py:146 - Iter 2 Ep 39 | TotalReturn=9.00 | AgentReturns=[A1:9.00] | AvgBER=0.0000 [A1:0.0000] | Epsilon=0.100
2026-02-21 16:07:24,791 - madqn - DEBUG - train.py:146 - Iter 2 Ep 40 | TotalReturn=9.00 | AgentReturns=[A1:9.00] | AvgBER=0.0000 [A1:0.0000] | Epsilon=0.100
2026-02-21 16:07:24,963 - madqn - DEBUG - train.py:146 - Iter 2 Ep 41 | TotalReturn=8.00 | AgentReturns=[A1:8.00] | AvgBER=0.0000 [A1:0.0000] | Epsilon=0.100
2026-02-21 16:07:25,134 - madqn - DEBUG - train.py:146 - Iter 2 Ep 42 | TotalReturn=8.00 | AgentReturns=[A1:8.00] | AvgBER=0.0000 [A1:0.0000] | Epsilon=0.100
2026-02-21 16:07:25,308 - madqn - DEBUG - train.py:146 - Iter 2 Ep 43 | TotalReturn=7.00 | AgentReturns=[A1:7.00] | AvgBER=0.0000 [A1:0.0000] | Epsilon=0.100
2026-02-21 16:07:25,464 - madqn - DEBUG - train.py:146 - Iter 2 Ep 44 | TotalReturn=11.00 | AgentReturns=[A1:11.00] | AvgBER=0.0000 [A1:0.0000] | Epsilon=0.100
2026-02-21 16:07:25,645 - madqn - DEBUG - train.py:146 - Iter 2 Ep 45 | TotalReturn=9.00 | AgentReturns=[A1:9.00] | AvgBER=0.0000 [A1:0.0000] | Epsilon=0.100
2026-02-21 16:07:25,814 - madqn - DEBUG - train.py:146 - Iter 2 Ep 46 | TotalReturn=10.00 | AgentReturns=[A1:10.00] | AvgBER=0.0000 [A1:0.0000] | Epsilon=0.100
2026-02-21 16:07:26,003 - madqn - DEBUG - train.py:146 - Iter 2 Ep 47 | TotalReturn=6.00 | AgentReturns=[A1:6.00] | AvgBER=0.0000 [A1:0.0000] | Epsilon=0.100
2026-02-21 16:07:26,165 - madqn - DEBUG - train.py:146 - Iter 2 Ep 48 | TotalReturn=7.00 | AgentReturns=[A1:7.00] | AvgBER=0.0000 [A1:0.0000] | Epsilon=0.100
2026-02-21 16:07:26,330 - madqn - DEBUG - train.py:146 - Iter 2 Ep 49 | TotalReturn=9.00 | AgentReturns=[A1:9.00] | AvgBER=0.0000 [A1:0.0000] | Epsilon=0.100
2026-02-21 16:07:26,496 - madqn - DEBUG - train.py:146 - Iter 2 Ep 50 | TotalReturn=10.00 | AgentReturns=[A1:10.00] | AvgBER=0.0000 [A1:0.0000] | Epsilon=0.100
2026-02-21 16:07:26,496 - madqn - INFO - train.py:83 - ---------- Iteration 3/5 开始 ----------
2026-02-21 16:07:26,779 - madqn - DEBUG - train.py:146 - Iter 3 Ep 1 | TotalReturn=-8.00 | AgentReturns=[A1:-8.00] | AvgBER=0.0000 [A1:0.0000] | Epsilon=0.475
2026-02-21 16:07:27,093 - madqn - DEBUG - train.py:146 - Iter 3 Ep 2 | TotalReturn=-14.00 | AgentReturns=[A1:-14.00] | AvgBER=0.0000 [A1:0.0000] | Epsilon=0.451
2026-02-21 16:07:27,346 - madqn - DEBUG - train.py:146 - Iter 3 Ep 3 | TotalReturn=-7.00 | AgentReturns=[A1:-7.00] | AvgBER=0.0000 [A1:0.0000] | Epsilon=0.429
2026-02-21 16:07:27,619 - madqn - DEBUG - train.py:146 - Iter 3 Ep 4 | TotalReturn=-8.00 | AgentReturns=[A1:-8.00] | AvgBER=0.0000 [A1:0.0000] | Epsilon=0.407
2026-02-21 16:07:27,839 - madqn - DEBUG - train.py:146 - Iter 3 Ep 5 | TotalReturn=2.00 | AgentReturns=[A1:2.00] | AvgBER=0.0000 [A1:0.0000] | Epsilon=0.387
2026-02-21 16:07:28,095 - madqn - DEBUG - train.py:146 - Iter 3 Ep 6 | TotalReturn=-5.00 | AgentReturns=[A1:-5.00] | AvgBER=0.0000 [A1:0.0000] | Epsilon=0.368
2026-02-21 16:07:28,370 - madqn - DEBUG - train.py:146 - Iter 3 Ep 7 | TotalReturn=-7.00 | AgentReturns=[A1:-7.00] | AvgBER=0.0000 [A1:0.0000] | Epsilon=0.349
2026-02-21 16:07:28,576 - madqn - DEBUG - train.py:146 - Iter 3 Ep 8 | TotalReturn=5.00 | AgentReturns=[A1:5.00] | AvgBER=0.0000 [A1:0.0000] | Epsilon=0.332
2026-02-21 16:07:28,816 - madqn - DEBUG - train.py:146 - Iter 3 Ep 9 | TotalReturn=-2.00 | AgentReturns=[A1:-2.00] | AvgBER=0.0000 [A1:0.0000] | Epsilon=0.315
2026-02-21 16:07:29,046 - madqn - DEBUG - train.py:146 - Iter 3 Ep 10 | TotalReturn=-1.00 | AgentReturns=[A1:-1.00] | AvgBER=0.0000 [A1:0.0000] | Epsilon=0.299
2026-02-21 16:07:29,312 - madqn - DEBUG - train.py:146 - Iter 3 Ep 11 | TotalReturn=-2.00 | AgentReturns=[A1:-2.00] | AvgBER=0.0000 [A1:0.0000] | Epsilon=0.284
2026-02-21 16:07:29,518 - madqn - DEBUG - train.py:146 - Iter 3 Ep 12 | TotalReturn=4.00 | AgentReturns=[A1:4.00] | AvgBER=0.0000 [A1:0.0000] | Epsilon=0.270
2026-02-21 16:07:29,724 - madqn - DEBUG - train.py:146 - Iter 3 Ep 13 | TotalReturn=3.00 | AgentReturns=[A1:3.00] | AvgBER=0.0000 [A1:0.0000] | Epsilon=0.257
2026-02-21 16:07:29,914 - madqn - DEBUG - train.py:146 - Iter 3 Ep 14 | TotalReturn=5.00 | AgentReturns=[A1:5.00] | AvgBER=0.0000 [A1:0.0000] | Epsilon=0.244
2026-02-21 16:07:30,108 - madqn - DEBUG - train.py:146 - Iter 3 Ep 15 | TotalReturn=5.00 | AgentReturns=[A1:5.00] | AvgBER=0.0000 [A1:0.0000] | Epsilon=0.232
2026-02-21 16:07:30,314 - madqn - DEBUG - train.py:146 - Iter 3 Ep 16 | TotalReturn=5.00 | AgentReturns=[A1:5.00] | AvgBER=0.0000 [A1:0.0000] | Epsilon=0.220
2026-02-21 16:07:30,513 - madqn - DEBUG - train.py:146 - Iter 3 Ep 17 | TotalReturn=6.00 | AgentReturns=[A1:6.00] | AvgBER=0.0000 [A1:0.0000] | Epsilon=0.209
2026-02-21 16:07:30,773 - madqn - DEBUG - train.py:146 - Iter 3 Ep 18 | TotalReturn=-5.00 | AgentReturns=[A1:-5.00] | AvgBER=0.0000 [A1:0.0000] | Epsilon=0.199
2026-02-21 16:07:31,001 - madqn - DEBUG - train.py:146 - Iter 3 Ep 19 | TotalReturn=0.00 | AgentReturns=[A1:0.00] | AvgBER=0.0000 [A1:0.0000] | Epsilon=0.189
2026-02-21 16:07:31,189 - madqn - DEBUG - train.py:146 - Iter 3 Ep 20 | TotalReturn=6.00 | AgentReturns=[A1:6.00] | AvgBER=0.0000 [A1:0.0000] | Epsilon=0.179
2026-02-21 16:07:31,408 - madqn - DEBUG - train.py:146 - Iter 3 Ep 21 | TotalReturn=1.00 | AgentReturns=[A1:1.00] | AvgBER=0.0000 [A1:0.0000] | Epsilon=0.170
2026-02-21 16:07:31,572 - madqn - DEBUG - train.py:146 - Iter 3 Ep 22 | TotalReturn=10.00 | AgentReturns=[A1:10.00] | AvgBER=0.0000 [A1:0.0000] | Epsilon=0.162
2026-02-21 16:07:31,779 - madqn - DEBUG - train.py:146 - Iter 3 Ep 23 | TotalReturn=5.00 | AgentReturns=[A1:5.00] | AvgBER=0.0000 [A1:0.0000] | Epsilon=0.154
2026-02-21 16:07:32,003 - madqn - DEBUG - train.py:146 - Iter 3 Ep 24 | TotalReturn=3.00 | AgentReturns=[A1:3.00] | AvgBER=0.0000 [A1:0.0000] | Epsilon=0.146
2026-02-21 16:07:32,254 - madqn - DEBUG - train.py:146 - Iter 3 Ep 25 | TotalReturn=1.00 | AgentReturns=[A1:1.00] | AvgBER=0.0000 [A1:0.0000] | Epsilon=0.139
2026-02-21 16:07:32,450 - madqn - DEBUG - train.py:146 - Iter 3 Ep 26 | TotalReturn=7.00 | AgentReturns=[A1:7.00] | AvgBER=0.0000 [A1:0.0000] | Epsilon=0.132
2026-02-21 16:07:32,647 - madqn - DEBUG - train.py:146 - Iter 3 Ep 27 | TotalReturn=4.00 | AgentReturns=[A1:4.00] | AvgBER=0.0000 [A1:0.0000] | Epsilon=0.125
2026-02-21 16:07:32,817 - madqn - DEBUG - train.py:146 - Iter 3 Ep 28 | TotalReturn=9.00 | AgentReturns=[A1:9.00] | AvgBER=0.0000 [A1:0.0000] | Epsilon=0.119
2026-02-21 16:07:32,970 - madqn - DEBUG - train.py:146 - Iter 3 Ep 29 | TotalReturn=10.00 | AgentReturns=[A1:10.00] | AvgBER=0.0000 [A1:0.0000] | Epsilon=0.113
2026-02-21 16:07:33,153 - madqn - DEBUG - train.py:146 - Iter 3 Ep 30 | TotalReturn=6.00 | AgentReturns=[A1:6.00] | AvgBER=0.0000 [A1:0.0000] | Epsilon=0.107
2026-02-21 16:07:33,311 - madqn - DEBUG - train.py:146 - Iter 3 Ep 31 | TotalReturn=10.00 | AgentReturns=[A1:10.00] | AvgBER=0.0000 [A1:0.0000] | Epsilon=0.102
2026-02-21 16:07:33,477 - madqn - DEBUG - train.py:146 - Iter 3 Ep 32 | TotalReturn=9.00 | AgentReturns=[A1:9.00] | AvgBER=0.0000 [A1:0.0000] | Epsilon=0.100
2026-02-21 16:07:33,668 - madqn - DEBUG - train.py:146 - Iter 3 Ep 33 | TotalReturn=5.00 | AgentReturns=[A1:5.00] | AvgBER=0.0000 [A1:0.0000] | Epsilon=0.100
2026-02-21 16:07:33,829 - madqn - DEBUG - train.py:146 - Iter 3 Ep 34 | TotalReturn=11.00 | AgentReturns=[A1:11.00] | AvgBER=0.0000 [A1:0.0000] | Epsilon=0.100
2026-02-21 16:07:33,992 - madqn - DEBUG - train.py:146 - Iter 3 Ep 35 | TotalReturn=8.00 | AgentReturns=[A1:8.00] | AvgBER=0.0000 [A1:0.0000] | Epsilon=0.100
2026-02-21 16:07:34,172 - madqn - DEBUG - train.py:146 - Iter 3 Ep 36 | TotalReturn=8.00 | AgentReturns=[A1:8.00] | AvgBER=0.0000 [A1:0.0000] | Epsilon=0.100
2026-02-21 16:07:34,364 - madqn - DEBUG - train.py:146 - Iter 3 Ep 37 | TotalReturn=7.00 | AgentReturns=[A1:7.00] | AvgBER=0.0000 [A1:0.0000] | Epsilon=0.100
2026-02-21 16:07:34,541 - madqn - DEBUG - train.py:146 - Iter 3 Ep 38 | TotalReturn=9.00 | AgentReturns=[A1:9.00] | AvgBER=0.0000 [A1:0.0000] | Epsilon=0.100
2026-02-21 16:07:34,719 - madqn - DEBUG - train.py:146 - Iter 3 Ep 39 | TotalReturn=10.00 | AgentReturns=[A1:10.00] | AvgBER=0.0000 [A1:0.0000] | Epsilon=0.100
2026-02-21 16:07:34,911 - madqn - DEBUG - train.py:146 - Iter 3 Ep 40 | TotalReturn=8.00 | AgentReturns=[A1:8.00] | AvgBER=0.0000 [A1:0.0000] | Epsilon=0.100
2026-02-21 16:07:35,090 - madqn - DEBUG - train.py:146 - Iter 3 Ep 41 | TotalReturn=9.00 | AgentReturns=[A1:9.00] | AvgBER=0.0000 [A1:0.0000] | Epsilon=0.100
2026-02-21 16:07:35,256 - madqn - DEBUG - train.py:146 - Iter 3 Ep 42 | TotalReturn=9.00 | AgentReturns=[A1:9.00] | AvgBER=0.0000 [A1:0.0000] | Epsilon=0.100
2026-02-21 16:07:35,417 - madqn - DEBUG - train.py:146 - Iter 3 Ep 43 | TotalReturn=9.00 | AgentReturns=[A1:9.00] | AvgBER=0.0000 [A1:0.0000] | Epsilon=0.100
2026-02-21 16:07:35,609 - madqn - DEBUG - train.py:146 - Iter 3 Ep 44 | TotalReturn=5.00 | AgentReturns=[A1:5.00] | AvgBER=0.0000 [A1:0.0000] | Epsilon=0.100
2026-02-21 16:07:35,791 - madqn - DEBUG - train.py:146 - Iter 3 Ep 45 | TotalReturn=8.00 | AgentReturns=[A1:8.00] | AvgBER=0.0000 [A1:0.0000] | Epsilon=0.100
2026-02-21 16:07:35,968 - madqn - DEBUG - train.py:146 - Iter 3 Ep 46 | TotalReturn=8.00 | AgentReturns=[A1:8.00] | AvgBER=0.0000 [A1:0.0000] | Epsilon=0.100
2026-02-21 16:07:36,150 - madqn - DEBUG - train.py:146 - Iter 3 Ep 47 | TotalReturn=7.00 | AgentReturns=[A1:7.00] | AvgBER=0.0000 [A1:0.0000] | Epsilon=0.100
2026-02-21 16:07:36,312 - madqn - DEBUG - train.py:146 - Iter 3 Ep 48 | TotalReturn=9.00 | AgentReturns=[A1:9.00] | AvgBER=0.0000 [A1:0.0000] | Epsilon=0.100
2026-02-21 16:07:36,485 - madqn - DEBUG - train.py:146 - Iter 3 Ep 49 | TotalReturn=8.00 | AgentReturns=[A1:8.00] | AvgBER=0.0000 [A1:0.0000] | Epsilon=0.100
2026-02-21 16:07:36,664 - madqn - DEBUG - train.py:146 - Iter 3 Ep 50 | TotalReturn=9.00 | AgentReturns=[A1:9.00] | AvgBER=0.0000 [A1:0.0000] | Epsilon=0.100
2026-02-21 16:07:36,665 - madqn - INFO - train.py:83 - ---------- Iteration 4/5 开始 ----------
2026-02-21 16:07:37,033 - madqn - DEBUG - train.py:146 - Iter 4 Ep 1 | TotalReturn=-22.00 | AgentReturns=[A1:-22.00] | AvgBER=0.0000 [A1:0.0000] | Epsilon=0.475
2026-02-21 16:07:37,294 - madqn - DEBUG - train.py:146 - Iter 4 Ep 2 | TotalReturn=-4.00 | AgentReturns=[A1:-4.00] | AvgBER=0.0000 [A1:0.0000] | Epsilon=0.451
2026-02-21 16:07:37,511 - madqn - DEBUG - train.py:146 - Iter 4 Ep 3 | TotalReturn=1.00 | AgentReturns=[A1:1.00] | AvgBER=0.0000 [A1:0.0000] | Epsilon=0.429
2026-02-21 16:07:37,800 - madqn - DEBUG - train.py:146 - Iter 4 Ep 4 | TotalReturn=-10.00 | AgentReturns=[A1:-10.00] | AvgBER=0.0000 [A1:0.0000] | Epsilon=0.407
2026-02-21 16:07:38,034 - madqn - DEBUG - train.py:146 - Iter 4 Ep 5 | TotalReturn=-3.00 | AgentReturns=[A1:-3.00] | AvgBER=0.0000 [A1:0.0000] | Epsilon=0.387
2026-02-21 16:07:38,260 - madqn - DEBUG - train.py:146 - Iter 4 Ep 6 | TotalReturn=0.00 | AgentReturns=[A1:0.00] | AvgBER=0.0000 [A1:0.0000] | Epsilon=0.368
2026-02-21 16:07:38,524 - madqn - DEBUG - train.py:146 - Iter 4 Ep 7 | TotalReturn=-6.00 | AgentReturns=[A1:-6.00] | AvgBER=0.0000 [A1:0.0000] | Epsilon=0.349
2026-02-21 16:07:38,736 - madqn - DEBUG - train.py:146 - Iter 4 Ep 8 | TotalReturn=1.00 | AgentReturns=[A1:1.00] | AvgBER=0.0000 [A1:0.0000] | Epsilon=0.332
2026-02-21 16:07:38,996 - madqn - DEBUG - train.py:146 - Iter 4 Ep 9 | TotalReturn=-6.00 | AgentReturns=[A1:-6.00] | AvgBER=0.0000 [A1:0.0000] | Epsilon=0.315
2026-02-21 16:07:39,217 - madqn - DEBUG - train.py:146 - Iter 4 Ep 10 | TotalReturn=2.00 | AgentReturns=[A1:2.00] | AvgBER=0.0000 [A1:0.0000] | Epsilon=0.299
2026-02-21 16:07:39,429 - madqn - DEBUG - train.py:146 - Iter 4 Ep 11 | TotalReturn=1.00 | AgentReturns=[A1:1.00] | AvgBER=0.0000 [A1:0.0000] | Epsilon=0.284
2026-02-21 16:07:39,651 - madqn - DEBUG - train.py:146 - Iter 4 Ep 12 | TotalReturn=-1.00 | AgentReturns=[A1:-1.00] | AvgBER=0.0000 [A1:0.0000] | Epsilon=0.270
2026-02-21 16:07:39,847 - madqn - DEBUG - train.py:146 - Iter 4 Ep 13 | TotalReturn=6.00 | AgentReturns=[A1:6.00] | AvgBER=0.0000 [A1:0.0000] | Epsilon=0.257
2026-02-21 16:07:40,080 - madqn - DEBUG - train.py:146 - Iter 4 Ep 14 | TotalReturn=1.00 | AgentReturns=[A1:1.00] | AvgBER=0.0000 [A1:0.0000] | Epsilon=0.244
2026-02-21 16:07:40,262 - madqn - DEBUG - train.py:146 - Iter 4 Ep 15 | TotalReturn=6.00 | AgentReturns=[A1:6.00] | AvgBER=0.0000 [A1:0.0000] | Epsilon=0.232
2026-02-21 16:07:40,509 - madqn - DEBUG - train.py:146 - Iter 4 Ep 16 | TotalReturn=-3.00 | AgentReturns=[A1:-3.00] | AvgBER=0.0000 [A1:0.0000] | Epsilon=0.220
2026-02-21 16:07:40,724 - madqn - DEBUG - train.py:146 - Iter 4 Ep 17 | TotalReturn=3.00 | AgentReturns=[A1:3.00] | AvgBER=0.0000 [A1:0.0000] | Epsilon=0.209
2026-02-21 16:07:40,898 - madqn - DEBUG - train.py:146 - Iter 4 Ep 18 | TotalReturn=9.00 | AgentReturns=[A1:9.00] | AvgBER=0.0000 [A1:0.0000] | Epsilon=0.199
2026-02-21 16:07:41,085 - madqn - DEBUG - train.py:146 - Iter 4 Ep 19 | TotalReturn=7.00 | AgentReturns=[A1:7.00] | AvgBER=0.0000 [A1:0.0000] | Epsilon=0.189
2026-02-21 16:07:41,287 - madqn - DEBUG - train.py:146 - Iter 4 Ep 20 | TotalReturn=5.00 | AgentReturns=[A1:5.00] | AvgBER=0.0000 [A1:0.0000] | Epsilon=0.179
2026-02-21 16:07:41,510 - madqn - DEBUG - train.py:146 - Iter 4 Ep 21 | TotalReturn=3.00 | AgentReturns=[A1:3.00] | AvgBER=0.0000 [A1:0.0000] | Epsilon=0.170
2026-02-21 16:07:41,700 - madqn - DEBUG - train.py:146 - Iter 4 Ep 22 | TotalReturn=6.00 | AgentReturns=[A1:6.00] | AvgBER=0.0000 [A1:0.0000] | Epsilon=0.162
2026-02-21 16:07:41,908 - madqn - DEBUG - train.py:146 - Iter 4 Ep 23 | TotalReturn=4.00 | AgentReturns=[A1:4.00] | AvgBER=0.0000 [A1:0.0000] | Epsilon=0.154
2026-02-21 16:07:42,111 - madqn - DEBUG - train.py:146 - Iter 4 Ep 24 | TotalReturn=5.00 | AgentReturns=[A1:5.00] | AvgBER=0.0000 [A1:0.0000] | Epsilon=0.146
2026-02-21 16:07:42,329 - madqn - DEBUG - train.py:146 - Iter 4 Ep 25 | TotalReturn=4.00 | AgentReturns=[A1:4.00] | AvgBER=0.0000 [A1:0.0000] | Epsilon=0.139
2026-02-21 16:07:42,535 - madqn - DEBUG - train.py:146 - Iter 4 Ep 26 | TotalReturn=2.00 | AgentReturns=[A1:2.00] | AvgBER=0.0000 [A1:0.0000] | Epsilon=0.132
2026-02-21 16:07:42,718 - madqn - DEBUG - train.py:146 - Iter 4 Ep 27 | TotalReturn=7.00 | AgentReturns=[A1:7.00] | AvgBER=0.0000 [A1:0.0000] | Epsilon=0.125
2026-02-21 16:07:42,888 - madqn - DEBUG - train.py:146 - Iter 4 Ep 28 | TotalReturn=9.00 | AgentReturns=[A1:9.00] | AvgBER=0.0000 [A1:0.0000] | Epsilon=0.119
2026-02-21 16:07:43,058 - madqn - DEBUG - train.py:146 - Iter 4 Ep 29 | TotalReturn=10.00 | AgentReturns=[A1:10.00] | AvgBER=0.0000 [A1:0.0000] | Epsilon=0.113
2026-02-21 16:07:43,222 - madqn - DEBUG - train.py:146 - Iter 4 Ep 30 | TotalReturn=9.00 | AgentReturns=[A1:9.00] | AvgBER=0.0000 [A1:0.0000] | Epsilon=0.107
2026-02-21 16:07:43,394 - madqn - DEBUG - train.py:146 - Iter 4 Ep 31 | TotalReturn=9.00 | AgentReturns=[A1:9.00] | AvgBER=0.0000 [A1:0.0000] | Epsilon=0.102
2026-02-21 16:07:43,593 - madqn - DEBUG - train.py:146 - Iter 4 Ep 32 | TotalReturn=3.00 | AgentReturns=[A1:3.00] | AvgBER=0.0000 [A1:0.0000] | Epsilon=0.100
2026-02-21 16:07:43,771 - madqn - DEBUG - train.py:146 - Iter 4 Ep 33 | TotalReturn=8.00 | AgentReturns=[A1:8.00] | AvgBER=0.0000 [A1:0.0000] | Epsilon=0.100
2026-02-21 16:07:43,945 - madqn - DEBUG - train.py:146 - Iter 4 Ep 34 | TotalReturn=8.00 | AgentReturns=[A1:8.00] | AvgBER=0.0000 [A1:0.0000] | Epsilon=0.100
2026-02-21 16:07:44,098 - madqn - DEBUG - train.py:146 - Iter 4 Ep 35 | TotalReturn=11.00 | AgentReturns=[A1:11.00] | AvgBER=0.0000 [A1:0.0000] | Epsilon=0.100
2026-02-21 16:07:44,269 - madqn - DEBUG - train.py:146 - Iter 4 Ep 36 | TotalReturn=7.00 | AgentReturns=[A1:7.00] | AvgBER=0.0000 [A1:0.0000] | Epsilon=0.100
2026-02-21 16:07:44,433 - madqn - DEBUG - train.py:146 - Iter 4 Ep 37 | TotalReturn=10.00 | AgentReturns=[A1:10.00] | AvgBER=0.0000 [A1:0.0000] | Epsilon=0.100
2026-02-21 16:07:44,621 - madqn - DEBUG - train.py:146 - Iter 4 Ep 38 | TotalReturn=7.00 | AgentReturns=[A1:7.00] | AvgBER=0.0000 [A1:0.0000] | Epsilon=0.100
2026-02-21 16:07:44,784 - madqn - DEBUG - train.py:146 - Iter 4 Ep 39 | TotalReturn=10.00 | AgentReturns=[A1:10.00] | AvgBER=0.0000 [A1:0.0000] | Epsilon=0.100
2026-02-21 16:07:44,951 - madqn - DEBUG - train.py:146 - Iter 4 Ep 40 | TotalReturn=9.00 | AgentReturns=[A1:9.00] | AvgBER=0.0000 [A1:0.0000] | Epsilon=0.100
2026-02-21 16:07:45,130 - madqn - DEBUG - train.py:146 - Iter 4 Ep 41 | TotalReturn=8.00 | AgentReturns=[A1:8.00] | AvgBER=0.0000 [A1:0.0000] | Epsilon=0.100
2026-02-21 16:07:45,327 - madqn - DEBUG - train.py:146 - Iter 4 Ep 42 | TotalReturn=6.00 | AgentReturns=[A1:6.00] | AvgBER=0.0000 [A1:0.0000] | Epsilon=0.100
2026-02-21 16:07:45,496 - madqn - DEBUG - train.py:146 - Iter 4 Ep 43 | TotalReturn=9.00 | AgentReturns=[A1:9.00] | AvgBER=0.0000 [A1:0.0000] | Epsilon=0.100
2026-02-21 16:07:45,653 - madqn - DEBUG - train.py:146 - Iter 4 Ep 44 | TotalReturn=11.00 | AgentReturns=[A1:11.00] | AvgBER=0.0000 [A1:0.0000] | Epsilon=0.100
2026-02-21 16:07:45,871 - madqn - DEBUG - train.py:146 - Iter 4 Ep 45 | TotalReturn=4.00 | AgentReturns=[A1:4.00] | AvgBER=0.0000 [A1:0.0000] | Epsilon=0.100
2026-02-21 16:07:46,034 - madqn - DEBUG - train.py:146 - Iter 4 Ep 46 | TotalReturn=10.00 | AgentReturns=[A1:10.00] | AvgBER=0.0000 [A1:0.0000] | Epsilon=0.100
2026-02-21 16:07:46,222 - madqn - DEBUG - train.py:146 - Iter 4 Ep 47 | TotalReturn=6.00 | AgentReturns=[A1:6.00] | AvgBER=0.0000 [A1:0.0000] | Epsilon=0.100
2026-02-21 16:07:46,404 - madqn - DEBUG - train.py:146 - Iter 4 Ep 48 | TotalReturn=7.00 | AgentReturns=[A1:7.00] | AvgBER=0.0000 [A1:0.0000] | Epsilon=0.100
2026-02-21 16:07:46,580 - madqn - DEBUG - train.py:146 - Iter 4 Ep 49 | TotalReturn=9.00 | AgentReturns=[A1:9.00] | AvgBER=0.0000 [A1:0.0000] | Epsilon=0.100
2026-02-21 16:07:46,735 - madqn - DEBUG - train.py:146 - Iter 4 Ep 50 | TotalReturn=11.00 | AgentReturns=[A1:11.00] | AvgBER=0.0000 [A1:0.0000] | Epsilon=0.100
2026-02-21 16:07:46,735 - madqn - INFO - train.py:83 - ---------- Iteration 5/5 开始 ----------
2026-02-21 16:07:47,165 - madqn - DEBUG - train.py:146 - Iter 5 Ep 1 | TotalReturn=-24.00 | AgentReturns=[A1:-24.00] | AvgBER=0.0000 [A1:0.0000] | Epsilon=0.475
2026-02-21 16:07:47,452 - madqn - DEBUG - train.py:146 - Iter 5 Ep 2 | TotalReturn=-8.00 | AgentReturns=[A1:-8.00] | AvgBER=0.0000 [A1:0.0000] | Epsilon=0.451
2026-02-21 16:07:47,694 - madqn - DEBUG - train.py:146 - Iter 5 Ep 3 | TotalReturn=-3.00 | AgentReturns=[A1:-3.00] | AvgBER=0.0000 [A1:0.0000] | Epsilon=0.429
2026-02-21 16:07:48,045 - madqn - DEBUG - train.py:146 - Iter 5 Ep 4 | TotalReturn=-17.00 | AgentReturns=[A1:-17.00] | AvgBER=0.0000 [A1:0.0000] | Epsilon=0.407
2026-02-21 16:07:48,315 - madqn - DEBUG - train.py:146 - Iter 5 Ep 5 | TotalReturn=-7.00 | AgentReturns=[A1:-7.00] | AvgBER=0.0000 [A1:0.0000] | Epsilon=0.387
2026-02-21 16:07:48,588 - madqn - DEBUG - train.py:146 - Iter 5 Ep 6 | TotalReturn=0.00 | AgentReturns=[A1:0.00] | AvgBER=0.0000 [A1:0.0000] | Epsilon=0.368
2026-02-21 16:07:48,869 - madqn - DEBUG - train.py:146 - Iter 5 Ep 7 | TotalReturn=-4.00 | AgentReturns=[A1:-4.00] | AvgBER=0.0000 [A1:0.0000] | Epsilon=0.349
2026-02-21 16:07:49,135 - madqn - DEBUG - train.py:146 - Iter 5 Ep 8 | TotalReturn=-1.00 | AgentReturns=[A1:-1.00] | AvgBER=0.0000 [A1:0.0000] | Epsilon=0.332
2026-02-21 16:07:49,401 - madqn - DEBUG - train.py:146 - Iter 5 Ep 9 | TotalReturn=-7.00 | AgentReturns=[A1:-7.00] | AvgBER=0.0000 [A1:0.0000] | Epsilon=0.315
2026-02-21 16:07:49,675 - madqn - DEBUG - train.py:146 - Iter 5 Ep 10 | TotalReturn=-8.00 | AgentReturns=[A1:-8.00] | AvgBER=0.0000 [A1:0.0000] | Epsilon=0.299
2026-02-21 16:07:49,869 - madqn - DEBUG - train.py:146 - Iter 5 Ep 11 | TotalReturn=4.00 | AgentReturns=[A1:4.00] | AvgBER=0.0000 [A1:0.0000] | Epsilon=0.284
2026-02-21 16:07:50,101 - madqn - DEBUG - train.py:146 - Iter 5 Ep 12 | TotalReturn=0.00 | AgentReturns=[A1:0.00] | AvgBER=0.0000 [A1:0.0000] | Epsilon=0.270
2026-02-21 16:07:50,362 - madqn - DEBUG - train.py:146 - Iter 5 Ep 13 | TotalReturn=-3.00 | AgentReturns=[A1:-3.00] | AvgBER=0.0000 [A1:0.0000] | Epsilon=0.257
2026-02-21 16:07:50,601 - madqn - DEBUG - train.py:146 - Iter 5 Ep 14 | TotalReturn=-4.00 | AgentReturns=[A1:-4.00] | AvgBER=0.0000 [A1:0.0000] | Epsilon=0.244
2026-02-21 16:07:50,797 - madqn - DEBUG - train.py:146 - Iter 5 Ep 15 | TotalReturn=3.00 | AgentReturns=[A1:3.00] | AvgBER=0.0000 [A1:0.0000] | Epsilon=0.232
2026-02-21 16:07:50,975 - madqn - DEBUG - train.py:146 - Iter 5 Ep 16 | TotalReturn=6.00 | AgentReturns=[A1:6.00] | AvgBER=0.0000 [A1:0.0000] | Epsilon=0.220
2026-02-21 16:07:51,149 - madqn - DEBUG - train.py:146 - Iter 5 Ep 17 | TotalReturn=6.00 | AgentReturns=[A1:6.00] | AvgBER=0.0000 [A1:0.0000] | Epsilon=0.209
2026-02-21 16:07:51,327 - madqn - DEBUG - train.py:146 - Iter 5 Ep 18 | TotalReturn=7.00 | AgentReturns=[A1:7.00] | AvgBER=0.0000 [A1:0.0000] | Epsilon=0.199
2026-02-21 16:07:51,521 - madqn - DEBUG - train.py:146 - Iter 5 Ep 19 | TotalReturn=7.00 | AgentReturns=[A1:7.00] | AvgBER=0.0000 [A1:0.0000] | Epsilon=0.189
2026-02-21 16:07:51,698 - madqn - DEBUG - train.py:146 - Iter 5 Ep 20 | TotalReturn=8.00 | AgentReturns=[A1:8.00] | AvgBER=0.0000 [A1:0.0000] | Epsilon=0.179
2026-02-21 16:07:51,910 - madqn - DEBUG - train.py:146 - Iter 5 Ep 21 | TotalReturn=1.00 | AgentReturns=[A1:1.00] | AvgBER=0.0000 [A1:0.0000] | Epsilon=0.170
2026-02-21 16:07:52,098 - madqn - DEBUG - train.py:146 - Iter 5 Ep 22 | TotalReturn=4.00 | AgentReturns=[A1:4.00] | AvgBER=0.0000 [A1:0.0000] | Epsilon=0.162
2026-02-21 16:07:52,270 - madqn - DEBUG - train.py:146 - Iter 5 Ep 23 | TotalReturn=6.00 | AgentReturns=[A1:6.00] | AvgBER=0.0000 [A1:0.0000] | Epsilon=0.154
2026-02-21 16:07:52,451 - madqn - DEBUG - train.py:146 - Iter 5 Ep 24 | TotalReturn=8.00 | AgentReturns=[A1:8.00] | AvgBER=0.0000 [A1:0.0000] | Epsilon=0.146
2026-02-21 16:07:52,603 - madqn - DEBUG - train.py:146 - Iter 5 Ep 25 | TotalReturn=10.00 | AgentReturns=[A1:10.00] | AvgBER=0.0000 [A1:0.0000] | Epsilon=0.139
2026-02-21 16:07:52,783 - madqn - DEBUG - train.py:146 - Iter 5 Ep 26 | TotalReturn=8.00 | AgentReturns=[A1:8.00] | AvgBER=0.0000 [A1:0.0000] | Epsilon=0.132
2026-02-21 16:07:52,966 - madqn - DEBUG - train.py:146 - Iter 5 Ep 27 | TotalReturn=8.00 | AgentReturns=[A1:8.00] | AvgBER=0.0000 [A1:0.0000] | Epsilon=0.125
2026-02-21 16:07:53,135 - madqn - DEBUG - train.py:146 - Iter 5 Ep 28 | TotalReturn=9.00 | AgentReturns=[A1:9.00] | AvgBER=0.0000 [A1:0.0000] | Epsilon=0.119
2026-02-21 16:07:53,319 - madqn - DEBUG - train.py:146 - Iter 5 Ep 29 | TotalReturn=7.00 | AgentReturns=[A1:7.00] | AvgBER=0.0000 [A1:0.0000] | Epsilon=0.113
2026-02-21 16:07:53,498 - madqn - DEBUG - train.py:146 - Iter 5 Ep 30 | TotalReturn=9.00 | AgentReturns=[A1:9.00] | AvgBER=0.0000 [A1:0.0000] | Epsilon=0.107
2026-02-21 16:07:53,653 - madqn - DEBUG - train.py:146 - Iter 5 Ep 31 | TotalReturn=11.00 | AgentReturns=[A1:11.00] | AvgBER=0.0000 [A1:0.0000] | Epsilon=0.102
2026-02-21 16:07:53,816 - madqn - DEBUG - train.py:146 - Iter 5 Ep 32 | TotalReturn=10.00 | AgentReturns=[A1:10.00] | AvgBER=0.0000 [A1:0.0000] | Epsilon=0.100
2026-02-21 16:07:53,986 - madqn - DEBUG - train.py:146 - Iter 5 Ep 33 | TotalReturn=10.00 | AgentReturns=[A1:10.00] | AvgBER=0.0000 [A1:0.0000] | Epsilon=0.100
2026-02-21 16:07:54,164 - madqn - DEBUG - train.py:146 - Iter 5 Ep 34 | TotalReturn=8.00 | AgentReturns=[A1:8.00] | AvgBER=0.0000 [A1:0.0000] | Epsilon=0.100
2026-02-21 16:07:54,326 - madqn - DEBUG - train.py:146 - Iter 5 Ep 35 | TotalReturn=10.00 | AgentReturns=[A1:10.00] | AvgBER=0.0000 [A1:0.0000] | Epsilon=0.100
2026-02-21 16:07:54,506 - madqn - DEBUG - train.py:146 - Iter 5 Ep 36 | TotalReturn=7.00 | AgentReturns=[A1:7.00] | AvgBER=0.0000 [A1:0.0000] | Epsilon=0.100
2026-02-21 16:07:54,695 - madqn - DEBUG - train.py:146 - Iter 5 Ep 37 | TotalReturn=6.00 | AgentReturns=[A1:6.00] | AvgBER=0.0000 [A1:0.0000] | Epsilon=0.100
2026-02-21 16:07:54,872 - madqn - DEBUG - train.py:146 - Iter 5 Ep 38 | TotalReturn=9.00 | AgentReturns=[A1:9.00] | AvgBER=0.0000 [A1:0.0000] | Epsilon=0.100
2026-02-21 16:07:55,045 - madqn - DEBUG - train.py:146 - Iter 5 Ep 39 | TotalReturn=7.00 | AgentReturns=[A1:7.00] | AvgBER=0.0000 [A1:0.0000] | Epsilon=0.100
2026-02-21 16:07:55,213 - madqn - DEBUG - train.py:146 - Iter 5 Ep 40 | TotalReturn=8.00 | AgentReturns=[A1:8.00] | AvgBER=0.0000 [A1:0.0000] | Epsilon=0.100
2026-02-21 16:07:55,383 - madqn - DEBUG - train.py:146 - Iter 5 Ep 41 | TotalReturn=9.00 | AgentReturns=[A1:9.00] | AvgBER=0.0000 [A1:0.0000] | Epsilon=0.100
2026-02-21 16:07:55,578 - madqn - DEBUG - train.py:146 - Iter 5 Ep 42 | TotalReturn=6.00 | AgentReturns=[A1:6.00] | AvgBER=0.0000 [A1:0.0000] | Epsilon=0.100
2026-02-21 16:07:55,747 - madqn - DEBUG - train.py:146 - Iter 5 Ep 43 | TotalReturn=9.00 | AgentReturns=[A1:9.00] | AvgBER=0.0000 [A1:0.0000] | Epsilon=0.100
2026-02-21 16:07:55,931 - madqn - DEBUG - train.py:146 - Iter 5 Ep 44 | TotalReturn=8.00 | AgentReturns=[A1:8.00] | AvgBER=0.0000 [A1:0.0000] | Epsilon=0.100
2026-02-21 16:07:56,139 - madqn - DEBUG - train.py:146 - Iter 5 Ep 45 | TotalReturn=6.00 | AgentReturns=[A1:6.00] | AvgBER=0.0000 [A1:0.0000] | Epsilon=0.100
2026-02-21 16:07:56,302 - madqn - DEBUG - train.py:146 - Iter 5 Ep 46 | TotalReturn=10.00 | AgentReturns=[A1:10.00] | AvgBER=0.0000 [A1:0.0000] | Epsilon=0.100
2026-02-21 16:07:56,471 - madqn - DEBUG - train.py:146 - Iter 5 Ep 47 | TotalReturn=10.00 | AgentReturns=[A1:10.00] | AvgBER=0.0000 [A1:0.0000] | Epsilon=0.100
2026-02-21 16:07:56,645 - madqn - DEBUG - train.py:146 - Iter 5 Ep 48 | TotalReturn=8.00 | AgentReturns=[A1:8.00] | AvgBER=0.0000 [A1:0.0000] | Epsilon=0.100
2026-02-21 16:07:56,831 - madqn - DEBUG - train.py:146 - Iter 5 Ep 49 | TotalReturn=8.00 | AgentReturns=[A1:8.00] | AvgBER=0.0000 [A1:0.0000] | Epsilon=0.100
2026-02-21 16:07:57,017 - madqn - DEBUG - train.py:146 - Iter 5 Ep 50 | TotalReturn=9.00 | AgentReturns=[A1:9.00] | AvgBER=0.0000 [A1:0.0000] | Epsilon=0.100
2026-02-21 16:07:57,017 - madqn - INFO - train.py:157 - MADQN 训练结束  总episode数=250  平均Return=3.12  最后10ep平均Return=8.30
